# JRE version: Java(TM) SE Runtime Environment (8.0_71-b15) (build 1.8.0_71-b15)
# Java VM: Java HotSpot(TM) 64-Bit Server VM (25.71-b15 mixed mode bsd-amd64 compressed oops)
Heap:
 PSYoungGen      total 45568K, used 36606K [0x00000007aab00000, 0x00000007aed00000, 0x00000007c0000000)
  eden space 45056K, 81% used [0x00000007aab00000,0x00000007acea7ad0,0x00000007ad700000)
  from space 512K, 18% used [0x00000007aec80000,0x00000007aec98000,0x00000007aed00000)
  to   space 8704K, 0% used [0x00000007adc00000,0x00000007adc00000,0x00000007ae480000)
 ParOldGen       total 44032K, used 25328K [0x0000000780000000, 0x0000000782b00000, 0x00000007aab00000)
  object space 44032K, 57% used [0x0000000780000000,0x00000007818bc308,0x0000000782b00000)
 Metaspace       used 19462K, capacity 19689K, committed 19968K, reserved 1067008K
  class space    used 1903K, capacity 1949K, committed 2048K, reserved 1048576K
GC Heap History (10 events):
Event: 99.353 GC heap before
{Heap before GC invocations=16 (full 0):
 PSYoungGen      total 63488K, used 52832K [0x00000007aab00000, 0x00000007b0800000, 0x00000007c0000000)
  eden space 52736K, 100% used [0x00000007aab00000,0x00000007ade80000,0x00000007ade80000)
  from space 10752K, 0% used [0x00000007af300000,0x00000007af318000,0x00000007afd80000)
  to   space 10240K, 0% used [0x00000007afe00000,0x00000007afe00000,0x00000007b0800000)
 ParOldGen       total 44032K, used 25232K [0x0000000780000000, 0x0000000782b00000, 0x00000007aab00000)
  object space 44032K, 57% used [0x0000000780000000,0x00000007818a4308,0x0000000782b00000)
 Metaspace       used 19420K, capacity 19625K, committed 19968K, reserved 1067008K
  class space    used 1895K, capacity 1949K, committed 2048K, reserved 1048576K
Event: 99.355 GC heap after
Heap after GC invocations=16 (full 0):
 PSYoungGen      total 51712K, used 128K [0x00000007aab00000, 0x00000007afe80000, 0x00000007c0000000)
  eden space 51200K, 0% used [0x00000007aab00000,0x00000007aab00000,0x00000007add00000)
  from space 512K, 25% used [0x00000007afe00000,0x00000007afe20000,0x00000007afe80000)
  to   space 10240K, 0% used [0x00000007aea80000,0x00000007aea80000,0x00000007af480000)
 ParOldGen       total 44032K, used 25240K [0x0000000780000000, 0x0000000782b00000, 0x00000007aab00000)
  object space 44032K, 57% used [0x0000000780000000,0x00000007818a6308,0x0000000782b00000)
 Metaspace       used 19420K, capacity 19625K, committed 19968K, reserved 1067008K
  class space    used 1895K, capacity 1949K, committed 2048K, reserved 1048576K
}
Event: 108.502 GC heap before
{Heap before GC invocations=17 (full 0):
 PSYoungGen      total 51712K, used 51328K [0x00000007aab00000, 0x00000007afe80000, 0x00000007c0000000)
  eden space 51200K, 100% used [0x00000007aab00000,0x00000007add00000,0x00000007add00000)
  from space 512K, 25% used [0x00000007afe00000,0x00000007afe20000,0x00000007afe80000)
  to   space 10240K, 0% used [0x00000007aea80000,0x00000007aea80000,0x00000007af480000)
 ParOldGen       total 44032K, used 25240K [0x0000000780000000, 0x0000000782b00000, 0x00000007aab00000)
  object space 44032K, 57% used [0x0000000780000000,0x00000007818a6308,0x0000000782b00000)
 Metaspace       used 19420K, capacity 19625K, committed 19968K, reserved 1067008K
  class space    used 1895K, capacity 1949K, committed 2048K, reserved 1048576K
Event: 108.503 GC heap after
Heap after GC invocations=17 (full 0):
 PSYoungGen      total 59904K, used 96K [0x00000007aab00000, 0x00000007afe80000, 0x00000007c0000000)
  eden space 49664K, 0% used [0x00000007aab00000,0x00000007aab00000,0x00000007adb80000)
  from space 10240K, 0% used [0x00000007aea80000,0x00000007aea98000,0x00000007af480000)
  to   space 9728K, 0% used [0x00000007af500000,0x00000007af500000,0x00000007afe80000)
 ParOldGen       total 44032K, used 25296K [0x0000000780000000, 0x0000000782b00000, 0x00000007aab00000)
  object space 44032K, 57% used [0x0000000780000000,0x00000007818b4308,0x0000000782b00000)
 Metaspace       used 19420K, capacity 19625K, committed 19968K, reserved 1067008K
  class space    used 1895K, capacity 1949K, committed 2048K, reserved 1048576K
}
Event: 117.403 GC heap before
{Heap before GC invocations=18 (full 0):
 PSYoungGen      total 59904K, used 49760K [0x00000007aab00000, 0x00000007afe80000, 0x00000007c0000000)
  eden space 49664K, 100% used [0x00000007aab00000,0x00000007adb80000,0x00000007adb80000)
  from space 10240K, 0% used [0x00000007aea80000,0x00000007aea98000,0x00000007af480000)
  to   space 9728K, 0% used [0x00000007af500000,0x00000007af500000,0x00000007afe80000)
 ParOldGen       total 44032K, used 25296K [0x0000000780000000, 0x0000000782b00000, 0x00000007aab00000)
  object space 44032K, 57% used [0x0000000780000000,0x00000007818b4308,0x0000000782b00000)
 Metaspace       used 19421K, capacity 19625K, committed 19968K, reserved 1067008K
  class space    used 1895K, capacity 1949K, committed 2048K, reserved 1048576K
Event: 117.405 GC heap after
Heap after GC invocations=18 (full 0):
 PSYoungGen      total 48640K, used 128K [0x00000007aab00000, 0x00000007af580000, 0x00000007c0000000)
  eden space 48128K, 0% used [0x00000007aab00000,0x00000007aab00000,0x00000007ada00000)
  from space 512K, 25% used [0x00000007af500000,0x00000007af520000,0x00000007af580000)
  to   space 9728K, 0% used [0x00000007ae280000,0x00000007ae280000,0x00000007aec00000)
 ParOldGen       total 44032K, used 25312K [0x0000000780000000, 0x0000000782b00000, 0x00000007aab00000)
  object space 44032K, 57% used [0x0000000780000000,0x00000007818b8308,0x0000000782b00000)
 Metaspace       used 19421K, capacity 19625K, committed 19968K, reserved 1067008K
  class space    used 1895K, capacity 1949K, committed 2048K, reserved 1048576K
}
Event: 126.056 GC heap before
{Heap before GC invocations=19 (full 0):
 PSYoungGen      total 48640K, used 48256K [0x00000007aab00000, 0x00000007af580000, 0x00000007c0000000)
  eden space 48128K, 100% used [0x00000007aab00000,0x00000007ada00000,0x00000007ada00000)
  from space 512K, 25% used [0x00000007af500000,0x00000007af520000,0x00000007af580000)
  to   space 9728K, 0% used [0x00000007ae280000,0x00000007ae280000,0x00000007aec00000)
 ParOldGen       total 44032K, used 25312K [0x0000000780000000, 0x0000000782b00000, 0x00000007aab00000)
  object space 44032K, 57% used [0x0000000780000000,0x00000007818b8308,0x0000000782b00000)
 Metaspace       used 19421K, capacity 19625K, committed 19968K, reserved 1067008K
  class space    used 1895K, capacity 1949K, committed 2048K, reserved 1048576K
Event: 126.058 GC heap after
Heap after GC invocations=19 (full 0):
 PSYoungGen      total 56320K, used 96K [0x00000007aab00000, 0x00000007af580000, 0x00000007c0000000)
  eden space 46592K, 0% used [0x00000007aab00000,0x00000007aab00000,0x00000007ad880000)
  from space 9728K, 0% used [0x00000007ae280000,0x00000007ae298000,0x00000007aec00000)
  to   space 9216K, 0% used [0x00000007aec80000,0x00000007aec80000,0x00000007af580000)
 ParOldGen       total 44032K, used 25328K [0x0000000780000000, 0x0000000782b00000, 0x00000007aab00000)
  object space 44032K, 57% used [0x0000000780000000,0x00000007818bc308,0x0000000782b00000)
 Metaspace       used 19421K, capacity 19625K, committed 19968K, reserved 1067008K
  class space    used 1895K, capacity 1949K, committed 2048K, reserved 1048576K
}
Event: 134.452 GC heap before
{Heap before GC invocations=20 (full 0):
 PSYoungGen      total 56320K, used 46688K [0x00000007aab00000, 0x00000007af580000, 0x00000007c0000000)
  eden space 46592K, 100% used [0x00000007aab00000,0x00000007ad880000,0x00000007ad880000)
  from space 9728K, 0% used [0x00000007ae280000,0x00000007ae298000,0x00000007aec00000)
  to   space 9216K, 0% used [0x00000007aec80000,0x00000007aec80000,0x00000007af580000)
 ParOldGen       total 44032K, used 25328K [0x0000000780000000, 0x0000000782b00000, 0x00000007aab00000)
  object space 44032K, 57% used [0x0000000780000000,0x00000007818bc308,0x0000000782b00000)
 Metaspace       used 19421K, capacity 19625K, committed 19968K, reserved 1067008K
  class space    used 1895K, capacity 1949K, committed 2048K, reserved 1048576K
Event: 134.454 GC heap after
Heap after GC invocations=20 (full 0):
 PSYoungGen      total 45568K, used 96K [0x00000007aab00000, 0x00000007aed00000, 0x00000007c0000000)
  eden space 45056K, 0% used [0x00000007aab00000,0x00000007aab00000,0x00000007ad700000)
  from space 512K, 18% used [0x00000007aec80000,0x00000007aec98000,0x00000007aed00000)
  to   space 8704K, 0% used [0x00000007adc00000,0x00000007adc00000,0x00000007ae480000)
 ParOldGen       total 44032K, used 25328K [0x0000000780000000, 0x0000000782b00000, 0x00000007aab00000)
  object space 44032K, 57% used [0x0000000780000000,0x00000007818bc308,0x0000000782b00000)
 Metaspace       used 19421K, capacity 19625K, committed 19968K, reserved 1067008K
  class space    used 1895K, capacity 1949K, committed 2048K, reserved 1048576K
}

