# JRE version: Java(TM) SE Runtime Environment (8.0_71-b15) (build 1.8.0_71-b15)
# Java VM: Java HotSpot(TM) 64-Bit Server VM (25.71-b15 mixed mode bsd-amd64 compressed oops)
Heap:
 PSYoungGen      total 209920K, used 108831K [0x00000007aab00000, 0x00000007bc980000, 0x00000007c0000000)
  eden space 188928K, 51% used [0x00000007aab00000,0x00000007b094fc78,0x00000007b6380000)
  from space 20992K, 58% used [0x00000007b6380000,0x00000007b6f782f0,0x00000007b7800000)
  to   space 20992K, 0% used [0x00000007bb500000,0x00000007bb500000,0x00000007bc980000)
 ParOldGen       total 126976K, used 105983K [0x0000000780000000, 0x0000000787c00000, 0x00000007aab00000)
  object space 126976K, 83% used [0x0000000780000000,0x000000078677ffb8,0x0000000787c00000)
 Metaspace       used 20175K, capacity 20393K, committed 20736K, reserved 1069056K
  class space    used 1928K, capacity 2013K, committed 2048K, reserved 1048576K
GC Heap History (10 events):
Event: 28.887 GC heap before
{Heap before GC invocations=13 (full 1):
 PSYoungGen      total 116224K, used 116160K [0x00000007aab00000, 0x00000007b5500000, 0x00000007c0000000)
  eden space 101888K, 100% used [0x00000007aab00000,0x00000007b0e80000,0x00000007b0e80000)
  from space 14336K, 99% used [0x00000007b0e80000,0x00000007b1c70370,0x00000007b1c80000)
  to   space 16384K, 0% used [0x00000007b4500000,0x00000007b4500000,0x00000007b5500000)
 ParOldGen       total 76288K, used 45127K [0x0000000780000000, 0x0000000784a80000, 0x00000007aab00000)
  object space 76288K, 59% used [0x0000000780000000,0x0000000782c11f90,0x0000000784a80000)
 Metaspace       used 19838K, capacity 20041K, committed 20224K, reserved 1067008K
  class space    used 1905K, capacity 1981K, committed 2048K, reserved 1048576K
Event: 28.944 GC heap after
Heap after GC invocations=13 (full 1):
 PSYoungGen      total 156160K, used 14784K [0x00000007aab00000, 0x00000007b5700000, 0x00000007c0000000)
  eden space 139776K, 0% used [0x00000007aab00000,0x00000007aab00000,0x00000007b3380000)
  from space 16384K, 90% used [0x00000007b4500000,0x00000007b5370390,0x00000007b5500000)
  to   space 17920K, 0% used [0x00000007b3380000,0x00000007b3380000,0x00000007b4500000)
 ParOldGen       total 76288K, used 59272K [0x0000000780000000, 0x0000000784a80000, 0x00000007aab00000)
  object space 76288K, 77% used [0x0000000780000000,0x00000007839e2300,0x0000000784a80000)
 Metaspace       used 19838K, capacity 20041K, committed 20224K, reserved 1067008K
  class space    used 1905K, capacity 1981K, committed 2048K, reserved 1048576K
}
Event: 30.911 GC heap before
{Heap before GC invocations=14 (full 1):
 PSYoungGen      total 156160K, used 154431K [0x00000007aab00000, 0x00000007b5700000, 0x00000007c0000000)
  eden space 139776K, 99% used [0x00000007aab00000,0x00000007b335fc28,0x00000007b3380000)
  from space 16384K, 90% used [0x00000007b4500000,0x00000007b5370390,0x00000007b5500000)
  to   space 17920K, 0% used [0x00000007b3380000,0x00000007b3380000,0x00000007b4500000)
 ParOldGen       total 76288K, used 59272K [0x0000000780000000, 0x0000000784a80000, 0x00000007aab00000)
  object space 76288K, 77% used [0x0000000780000000,0x00000007839e2300,0x0000000784a80000)
 Metaspace       used 19923K, capacity 20105K, committed 20480K, reserved 1067008K
  class space    used 1905K, capacity 1981K, committed 2048K, reserved 1048576K
Event: 30.952 GC heap after
Heap after GC invocations=14 (full 1):
 PSYoungGen      total 157696K, used 17857K [0x00000007aab00000, 0x00000007b9280000, 0x00000007c0000000)
  eden space 139776K, 0% used [0x00000007aab00000,0x00000007aab00000,0x00000007b3380000)
  from space 17920K, 99% used [0x00000007b3380000,0x00000007b44f0450,0x00000007b4500000)
  to   space 20480K, 0% used [0x00000007b7e80000,0x00000007b7e80000,0x00000007b9280000)
 ParOldGen       total 78848K, used 78289K [0x0000000780000000, 0x0000000784d00000, 0x00000007aab00000)
  object space 78848K, 99% used [0x0000000780000000,0x0000000784c747a0,0x0000000784d00000)
 Metaspace       used 19923K, capacity 20105K, committed 20480K, reserved 1067008K
  class space    used 1905K, capacity 1981K, committed 2048K, reserved 1048576K
}
Event: 30.952 GC heap before
{Heap before GC invocations=15 (full 2):
 PSYoungGen      total 157696K, used 17857K [0x00000007aab00000, 0x00000007b9280000, 0x00000007c0000000)
  eden space 139776K, 0% used [0x00000007aab00000,0x00000007aab00000,0x00000007b3380000)
  from space 17920K, 99% used [0x00000007b3380000,0x00000007b44f0450,0x00000007b4500000)
  to   space 20480K, 0% used [0x00000007b7e80000,0x00000007b7e80000,0x00000007b9280000)
 ParOldGen       total 78848K, used 78289K [0x0000000780000000, 0x0000000784d00000, 0x00000007aab00000)
  object space 78848K, 99% used [0x0000000780000000,0x0000000784c747a0,0x0000000784d00000)
 Metaspace       used 19923K, capacity 20105K, committed 20480K, reserved 1067008K
  class space    used 1905K, capacity 1981K, committed 2048K, reserved 1048576K
Event: 31.074 GC heap after
Heap after GC invocations=15 (full 2):
 PSYoungGen      total 157696K, used 16186K [0x00000007aab00000, 0x00000007b9280000, 0x00000007c0000000)
  eden space 139776K, 0% used [0x00000007aab00000,0x00000007aab00000,0x00000007b3380000)
  from space 17920K, 90% used [0x00000007b3380000,0x00000007b434eaf8,0x00000007b4500000)
  to   space 20480K, 0% used [0x00000007b7e80000,0x00000007b7e80000,0x00000007b9280000)
 ParOldGen       total 126976K, used 78726K [0x0000000780000000, 0x0000000787c00000, 0x00000007aab00000)
  object space 126976K, 62% used [0x0000000780000000,0x0000000784ce1918,0x0000000787c00000)
 Metaspace       used 19923K, capacity 20105K, committed 20480K, reserved 1067008K
  class space    used 1905K, capacity 1981K, committed 2048K, reserved 1048576K
}
Event: 38.321 GC heap before
{Heap before GC invocations=16 (full 2):
 PSYoungGen      total 157696K, used 155962K [0x00000007aab00000, 0x00000007b9280000, 0x00000007c0000000)
  eden space 139776K, 100% used [0x00000007aab00000,0x00000007b3380000,0x00000007b3380000)
  from space 17920K, 90% used [0x00000007b3380000,0x00000007b434eaf8,0x00000007b4500000)
  to   space 20480K, 0% used [0x00000007b7e80000,0x00000007b7e80000,0x00000007b9280000)
 ParOldGen       total 126976K, used 78726K [0x0000000780000000, 0x0000000787c00000, 0x00000007aab00000)
  object space 126976K, 62% used [0x0000000780000000,0x0000000784ce1918,0x0000000787c00000)
 Metaspace       used 19990K, capacity 20169K, committed 20480K, reserved 1067008K
  class space    used 1906K, capacity 1981K, committed 2048K, reserved 1048576K
Event: 38.346 GC heap after
Heap after GC invocations=16 (full 2):
 PSYoungGen      total 203264K, used 13984K [0x00000007aab00000, 0x00000007b8c80000, 0x00000007c0000000)
  eden space 188928K, 0% used [0x00000007aab00000,0x00000007aab00000,0x00000007b6380000)
  from space 14336K, 97% used [0x00000007b7e80000,0x00000007b8c28360,0x00000007b8c80000)
  to   space 20992K, 0% used [0x00000007b6380000,0x00000007b6380000,0x00000007b7800000)
 ParOldGen       total 126976K, used 93127K [0x0000000780000000, 0x0000000787c00000, 0x00000007aab00000)
  object space 126976K, 73% used [0x0000000780000000,0x0000000785af1c98,0x0000000787c00000)
 Metaspace       used 19990K, capacity 20169K, committed 20480K, reserved 1067008K
  class space    used 1906K, capacity 1981K, committed 2048K, reserved 1048576K
}
Event: 57.338 GC heap before
{Heap before GC invocations=17 (full 2):
 PSYoungGen      total 203264K, used 202912K [0x00000007aab00000, 0x00000007b8c80000, 0x00000007c0000000)
  eden space 188928K, 100% used [0x00000007aab00000,0x00000007b6380000,0x00000007b6380000)
  from space 14336K, 97% used [0x00000007b7e80000,0x00000007b8c28360,0x00000007b8c80000)
  to   space 20992K, 0% used [0x00000007b6380000,0x00000007b6380000,0x00000007b7800000)
 ParOldGen       total 126976K, used 93127K [0x0000000780000000, 0x0000000787c00000, 0x00000007aab00000)
  object space 126976K, 73% used [0x0000000780000000,0x0000000785af1c98,0x0000000787c00000)
 Metaspace       used 20138K, capacity 20393K, committed 20736K, reserved 1069056K
  class space    used 1920K, capacity 2013K, committed 2048K, reserved 1048576K
Event: 57.432 GC heap after
Heap after GC invocations=17 (full 2):
 PSYoungGen      total 209920K, used 12256K [0x00000007aab00000, 0x00000007bc980000, 0x00000007c0000000)
  eden space 188928K, 0% used [0x00000007aab00000,0x00000007aab00000,0x00000007b6380000)
  from space 20992K, 58% used [0x00000007b6380000,0x00000007b6f782f0,0x00000007b7800000)
  to   space 20992K, 0% used [0x00000007bb500000,0x00000007bb500000,0x00000007bc980000)
 ParOldGen       total 126976K, used 105983K [0x0000000780000000, 0x0000000787c00000, 0x00000007aab00000)
  object space 126976K, 83% used [0x0000000780000000,0x000000078677ffb8,0x0000000787c00000)
 Metaspace       used 20138K, capacity 20393K, committed 20736K, reserved 1069056K
  class space    used 1920K, capacity 2013K, committed 2048K, reserved 1048576K
}

