# JRE version: Java(TM) SE Runtime Environment (8.0_71-b15) (build 1.8.0_71-b15)
# Java VM: Java HotSpot(TM) 64-Bit Server VM (25.71-b15 mixed mode bsd-amd64 compressed oops)
Heap:
 PSYoungGen      total 19456K, used 11613K [0x00000007aab00000, 0x00000007adf00000, 0x00000007c0000000)
  eden space 18944K, 60% used [0x00000007aab00000,0x00000007ab647560,0x00000007abd80000)
  from space 512K, 12% used [0x00000007ade80000,0x00000007ade90000,0x00000007adf00000)
  to   space 512K, 0% used [0x00000007ade00000,0x00000007ade00000,0x00000007ade80000)
 ParOldGen       total 44032K, used 19757K [0x0000000780000000, 0x0000000782b00000, 0x00000007aab00000)
  object space 44032K, 44% used [0x0000000780000000,0x000000078134b670,0x0000000782b00000)
 Metaspace       used 19210K, capacity 19355K, committed 19712K, reserved 1067008K
  class space    used 1890K, capacity 1948K, committed 2048K, reserved 1048576K
GC Heap History (10 events):
Event: 2071.953 GC heap before
{Heap before GC invocations=300 (full 0):
 PSYoungGen      total 19456K, used 19040K [0x00000007aab00000, 0x00000007adf00000, 0x00000007c0000000)
  eden space 18944K, 100% used [0x00000007aab00000,0x00000007abd80000,0x00000007abd80000)
  from space 512K, 18% used [0x00000007ade00000,0x00000007ade18000,0x00000007ade80000)
  to   space 512K, 0% used [0x00000007ade80000,0x00000007ade80000,0x00000007adf00000)
 ParOldGen       total 44032K, used 19757K [0x0000000780000000, 0x0000000782b00000, 0x00000007aab00000)
  object space 44032K, 44% used [0x0000000780000000,0x000000078134b670,0x0000000782b00000)
 Metaspace       used 19149K, capacity 19355K, committed 19712K, reserved 1067008K
  class space    used 1879K, capacity 1948K, committed 2048K, reserved 1048576K
Event: 2071.956 GC heap after
Heap after GC invocations=300 (full 0):
 PSYoungGen      total 19456K, used 64K [0x00000007aab00000, 0x00000007adf00000, 0x00000007c0000000)
  eden space 18944K, 0% used [0x00000007aab00000,0x00000007aab00000,0x00000007abd80000)
  from space 512K, 12% used [0x00000007ade80000,0x00000007ade90000,0x00000007adf00000)
  to   space 512K, 0% used [0x00000007ade00000,0x00000007ade00000,0x00000007ade80000)
 ParOldGen       total 44032K, used 19757K [0x0000000780000000, 0x0000000782b00000, 0x00000007aab00000)
  object space 44032K, 44% used [0x0000000780000000,0x000000078134b670,0x0000000782b00000)
 Metaspace       used 19149K, capacity 19355K, committed 19712K, reserved 1067008K
  class space    used 1879K, capacity 1948K, committed 2048K, reserved 1048576K
}
Event: 2078.121 GC heap before
{Heap before GC invocations=301 (full 0):
 PSYoungGen      total 19456K, used 19008K [0x00000007aab00000, 0x00000007adf00000, 0x00000007c0000000)
  eden space 18944K, 100% used [0x00000007aab00000,0x00000007abd80000,0x00000007abd80000)
  from space 512K, 12% used [0x00000007ade80000,0x00000007ade90000,0x00000007adf00000)
  to   space 512K, 0% used [0x00000007ade00000,0x00000007ade00000,0x00000007ade80000)
 ParOldGen       total 44032K, used 19757K [0x0000000780000000, 0x0000000782b00000, 0x00000007aab00000)
  object space 44032K, 44% used [0x0000000780000000,0x000000078134b670,0x0000000782b00000)
 Metaspace       used 19149K, capacity 19355K, committed 19712K, reserved 1067008K
  class space    used 1879K, capacity 1948K, committed 2048K, reserved 1048576K
Event: 2078.124 GC heap after
Heap after GC invocations=301 (full 0):
 PSYoungGen      total 19456K, used 96K [0x00000007aab00000, 0x00000007adf00000, 0x00000007c0000000)
  eden space 18944K, 0% used [0x00000007aab00000,0x00000007aab00000,0x00000007abd80000)
  from space 512K, 18% used [0x00000007ade00000,0x00000007ade18000,0x00000007ade80000)
  to   space 512K, 0% used [0x00000007ade80000,0x00000007ade80000,0x00000007adf00000)
 ParOldGen       total 44032K, used 19757K [0x0000000780000000, 0x0000000782b00000, 0x00000007aab00000)
  object space 44032K, 44% used [0x0000000780000000,0x000000078134b670,0x0000000782b00000)
 Metaspace       used 19149K, capacity 19355K, committed 19712K, reserved 1067008K
  class space    used 1879K, capacity 1948K, committed 2048K, reserved 1048576K
}
Event: 2084.104 GC heap before
{Heap before GC invocations=302 (full 0):
 PSYoungGen      total 19456K, used 19040K [0x00000007aab00000, 0x00000007adf00000, 0x00000007c0000000)
  eden space 18944K, 100% used [0x00000007aab00000,0x00000007abd80000,0x00000007abd80000)
  from space 512K, 18% used [0x00000007ade00000,0x00000007ade18000,0x00000007ade80000)
  to   space 512K, 0% used [0x00000007ade80000,0x00000007ade80000,0x00000007adf00000)
 ParOldGen       total 44032K, used 19757K [0x0000000780000000, 0x0000000782b00000, 0x00000007aab00000)
  object space 44032K, 44% used [0x0000000780000000,0x000000078134b670,0x0000000782b00000)
 Metaspace       used 19149K, capacity 19355K, committed 19712K, reserved 1067008K
  class space    used 1879K, capacity 1948K, committed 2048K, reserved 1048576K
Event: 2084.109 GC heap after
Heap after GC invocations=302 (full 0):
 PSYoungGen      total 19456K, used 96K [0x00000007aab00000, 0x00000007adf00000, 0x00000007c0000000)
  eden space 18944K, 0% used [0x00000007aab00000,0x00000007aab00000,0x00000007abd80000)
  from space 512K, 18% used [0x00000007ade80000,0x00000007ade98000,0x00000007adf00000)
  to   space 512K, 0% used [0x00000007ade00000,0x00000007ade00000,0x00000007ade80000)
 ParOldGen       total 44032K, used 19757K [0x0000000780000000, 0x0000000782b00000, 0x00000007aab00000)
  object space 44032K, 44% used [0x0000000780000000,0x000000078134b670,0x0000000782b00000)
 Metaspace       used 19149K, capacity 19355K, committed 19712K, reserved 1067008K
  class space    used 1879K, capacity 1948K, committed 2048K, reserved 1048576K
}
Event: 2090.103 GC heap before
{Heap before GC invocations=303 (full 0):
 PSYoungGen      total 19456K, used 19040K [0x00000007aab00000, 0x00000007adf00000, 0x00000007c0000000)
  eden space 18944K, 100% used [0x00000007aab00000,0x00000007abd80000,0x00000007abd80000)
  from space 512K, 18% used [0x00000007ade80000,0x00000007ade98000,0x00000007adf00000)
  to   space 512K, 0% used [0x00000007ade00000,0x00000007ade00000,0x00000007ade80000)
 ParOldGen       total 44032K, used 19757K [0x0000000780000000, 0x0000000782b00000, 0x00000007aab00000)
  object space 44032K, 44% used [0x0000000780000000,0x000000078134b670,0x0000000782b00000)
 Metaspace       used 19149K, capacity 19355K, committed 19712K, reserved 1067008K
  class space    used 1879K, capacity 1948K, committed 2048K, reserved 1048576K
Event: 2090.108 GC heap after
Heap after GC invocations=303 (full 0):
 PSYoungGen      total 19456K, used 64K [0x00000007aab00000, 0x00000007adf00000, 0x00000007c0000000)
  eden space 18944K, 0% used [0x00000007aab00000,0x00000007aab00000,0x00000007abd80000)
  from space 512K, 12% used [0x00000007ade00000,0x00000007ade10000,0x00000007ade80000)
  to   space 512K, 0% used [0x00000007ade80000,0x00000007ade80000,0x00000007adf00000)
 ParOldGen       total 44032K, used 19757K [0x0000000780000000, 0x0000000782b00000, 0x00000007aab00000)
  object space 44032K, 44% used [0x0000000780000000,0x000000078134b670,0x0000000782b00000)
 Metaspace       used 19149K, capacity 19355K, committed 19712K, reserved 1067008K
  class space    used 1879K, capacity 1948K, committed 2048K, reserved 1048576K
}
Event: 2096.188 GC heap before
{Heap before GC invocations=304 (full 0):
 PSYoungGen      total 19456K, used 19008K [0x00000007aab00000, 0x00000007adf00000, 0x00000007c0000000)
  eden space 18944K, 100% used [0x00000007aab00000,0x00000007abd80000,0x00000007abd80000)
  from space 512K, 12% used [0x00000007ade00000,0x00000007ade10000,0x00000007ade80000)
  to   space 512K, 0% used [0x00000007ade80000,0x00000007ade80000,0x00000007adf00000)
 ParOldGen       total 44032K, used 19757K [0x0000000780000000, 0x0000000782b00000, 0x00000007aab00000)
  object space 44032K, 44% used [0x0000000780000000,0x000000078134b670,0x0000000782b00000)
 Metaspace       used 19149K, capacity 19355K, committed 19712K, reserved 1067008K
  class space    used 1879K, capacity 1948K, committed 2048K, reserved 1048576K
Event: 2096.193 GC heap after
Heap after GC invocations=304 (full 0):
 PSYoungGen      total 19456K, used 64K [0x00000007aab00000, 0x00000007adf00000, 0x00000007c0000000)
  eden space 18944K, 0% used [0x00000007aab00000,0x00000007aab00000,0x00000007abd80000)
  from space 512K, 12% used [0x00000007ade80000,0x00000007ade90000,0x00000007adf00000)
  to   space 512K, 0% used [0x00000007ade00000,0x00000007ade00000,0x00000007ade80000)
 ParOldGen       total 44032K, used 19757K [0x0000000780000000, 0x0000000782b00000, 0x00000007aab00000)
  object space 44032K, 44% used [0x0000000780000000,0x000000078134b670,0x0000000782b00000)
 Metaspace       used 19149K, capacity 19355K, committed 19712K, reserved 1067008K
  class space    used 1879K, capacity 1948K, committed 2048K, reserved 1048576K
}

