# JRE version: Java(TM) SE Runtime Environment (8.0_71-b15) (build 1.8.0_71-b15)
# Java VM: Java HotSpot(TM) 64-Bit Server VM (25.71-b15 mixed mode bsd-amd64 compressed oops)
Heap:
 PSYoungGen      total 34816K, used 18835K [0x00000007aab00000, 0x00000007ad080000, 0x00000007c0000000)
  eden space 32768K, 57% used [0x00000007aab00000,0x00000007abd64ec8,0x00000007acb00000)
  from space 2048K, 0% used [0x00000007acd80000,0x00000007acd80000,0x00000007acf80000)
  to   space 2560K, 0% used [0x00000007acb00000,0x00000007acb00000,0x00000007acd80000)
 ParOldGen       total 76288K, used 46150K [0x0000000780000000, 0x0000000784a80000, 0x00000007aab00000)
  object space 76288K, 60% used [0x0000000780000000,0x0000000782d11b90,0x0000000784a80000)
 Metaspace       used 19382K, capacity 19633K, committed 19968K, reserved 1067008K
  class space    used 1882K, capacity 1975K, committed 2048K, reserved 1048576K
GC Heap History (10 events):
Event: 1271.794 GC heap before
{Heap before GC invocations=212 (full 1):
 PSYoungGen      total 24064K, used 23040K [0x00000007aab00000, 0x00000007ac380000, 0x00000007c0000000)
  eden space 23040K, 100% used [0x00000007aab00000,0x00000007ac180000,0x00000007ac180000)
  from space 1024K, 0% used [0x00000007ac280000,0x00000007ac280000,0x00000007ac380000)
  to   space 1024K, 0% used [0x00000007ac180000,0x00000007ac180000,0x00000007ac280000)
 ParOldGen       total 53760K, used 30065K [0x0000000780000000, 0x0000000783480000, 0x00000007aab00000)
  object space 53760K, 55% used [0x0000000780000000,0x0000000781d5c518,0x0000000783480000)
 Metaspace       used 19157K, capacity 19345K, committed 19712K, reserved 1067008K
  class space    used 1873K, capacity 1943K, committed 2048K, reserved 1048576K
Event: 1271.798 GC heap after
Heap after GC invocations=212 (full 1):
 PSYoungGen      total 24064K, used 960K [0x00000007aab00000, 0x00000007ac900000, 0x00000007c0000000)
  eden space 23040K, 0% used [0x00000007aab00000,0x00000007aab00000,0x00000007ac180000)
  from space 1024K, 93% used [0x00000007ac180000,0x00000007ac270030,0x00000007ac280000)
  to   space 1536K, 0% used [0x00000007ac780000,0x00000007ac780000,0x00000007ac900000)
 ParOldGen       total 53760K, used 34681K [0x0000000780000000, 0x0000000783480000, 0x00000007aab00000)
  object space 53760K, 64% used [0x0000000780000000,0x00000007821de638,0x0000000783480000)
 Metaspace       used 19157K, capacity 19345K, committed 19712K, reserved 1067008K
  class space    used 1873K, capacity 1943K, committed 2048K, reserved 1048576K
}
Event: 1272.124 GC heap before
{Heap before GC invocations=213 (full 1):
 PSYoungGen      total 24064K, used 24000K [0x00000007aab00000, 0x00000007ac900000, 0x00000007c0000000)
  eden space 23040K, 100% used [0x00000007aab00000,0x00000007ac180000,0x00000007ac180000)
  from space 1024K, 93% used [0x00000007ac180000,0x00000007ac270030,0x00000007ac280000)
  to   space 1536K, 0% used [0x00000007ac780000,0x00000007ac780000,0x00000007ac900000)
 ParOldGen       total 53760K, used 34681K [0x0000000780000000, 0x0000000783480000, 0x00000007aab00000)
  object space 53760K, 64% used [0x0000000780000000,0x00000007821de638,0x0000000783480000)
 Metaspace       used 19172K, capacity 19409K, committed 19712K, reserved 1067008K
  class space    used 1873K, capacity 1943K, committed 2048K, reserved 1048576K
Event: 1272.127 GC heap after
Heap after GC invocations=213 (full 1):
 PSYoungGen      total 29184K, used 1472K [0x00000007aab00000, 0x00000007ac900000, 0x00000007c0000000)
  eden space 27648K, 0% used [0x00000007aab00000,0x00000007aab00000,0x00000007ac600000)
  from space 1536K, 95% used [0x00000007ac780000,0x00000007ac8f0050,0x00000007ac900000)
  to   space 1536K, 0% used [0x00000007ac600000,0x00000007ac600000,0x00000007ac780000)
 ParOldGen       total 53760K, used 38297K [0x0000000780000000, 0x0000000783480000, 0x00000007aab00000)
  object space 53760K, 71% used [0x0000000780000000,0x0000000782566718,0x0000000783480000)
 Metaspace       used 19172K, capacity 19409K, committed 19712K, reserved 1067008K
  class space    used 1873K, capacity 1943K, committed 2048K, reserved 1048576K
}
Event: 1275.044 GC heap before
{Heap before GC invocations=214 (full 1):
 PSYoungGen      total 29184K, used 29120K [0x00000007aab00000, 0x00000007ac900000, 0x00000007c0000000)
  eden space 27648K, 100% used [0x00000007aab00000,0x00000007ac600000,0x00000007ac600000)
  from space 1536K, 95% used [0x00000007ac780000,0x00000007ac8f0050,0x00000007ac900000)
  to   space 1536K, 0% used [0x00000007ac600000,0x00000007ac600000,0x00000007ac780000)
 ParOldGen       total 53760K, used 38297K [0x0000000780000000, 0x0000000783480000, 0x00000007aab00000)
  object space 53760K, 71% used [0x0000000780000000,0x0000000782566718,0x0000000783480000)
 Metaspace       used 19274K, capacity 19473K, committed 19712K, reserved 1067008K
  class space    used 1873K, capacity 1943K, committed 2048K, reserved 1048576K
Event: 1275.058 GC heap after
Heap after GC invocations=214 (full 1):
 PSYoungGen      total 29184K, used 1472K [0x00000007aab00000, 0x00000007acf80000, 0x00000007c0000000)
  eden space 27648K, 0% used [0x00000007aab00000,0x00000007aab00000,0x00000007ac600000)
  from space 1536K, 95% used [0x00000007ac600000,0x00000007ac770050,0x00000007ac780000)
  to   space 2048K, 0% used [0x00000007acd80000,0x00000007acd80000,0x00000007acf80000)
 ParOldGen       total 53760K, used 43706K [0x0000000780000000, 0x0000000783480000, 0x00000007aab00000)
  object space 53760K, 81% used [0x0000000780000000,0x0000000782aae868,0x0000000783480000)
 Metaspace       used 19274K, capacity 19473K, committed 19712K, reserved 1067008K
  class space    used 1873K, capacity 1943K, committed 2048K, reserved 1048576K
}
Event: 1275.953 GC heap before
{Heap before GC invocations=215 (full 1):
 PSYoungGen      total 29184K, used 29015K [0x00000007aab00000, 0x00000007acf80000, 0x00000007c0000000)
  eden space 27648K, 99% used [0x00000007aab00000,0x00000007ac5e5cd8,0x00000007ac600000)
  from space 1536K, 95% used [0x00000007ac600000,0x00000007ac770050,0x00000007ac780000)
  to   space 2048K, 0% used [0x00000007acd80000,0x00000007acd80000,0x00000007acf80000)
 ParOldGen       total 53760K, used 43706K [0x0000000780000000, 0x0000000783480000, 0x00000007aab00000)
  object space 53760K, 81% used [0x0000000780000000,0x0000000782aae868,0x0000000783480000)
 Metaspace       used 19284K, capacity 19473K, committed 19712K, reserved 1067008K
  class space    used 1873K, capacity 1943K, committed 2048K, reserved 1048576K
Event: 1275.958 GC heap after
Heap after GC invocations=215 (full 1):
 PSYoungGen      total 34816K, used 1952K [0x00000007aab00000, 0x00000007ad080000, 0x00000007c0000000)
  eden space 32768K, 0% used [0x00000007aab00000,0x00000007aab00000,0x00000007acb00000)
  from space 2048K, 95% used [0x00000007acd80000,0x00000007acf68070,0x00000007acf80000)
  to   space 2560K, 0% used [0x00000007acb00000,0x00000007acb00000,0x00000007acd80000)
 ParOldGen       total 53760K, used 47834K [0x0000000780000000, 0x0000000783480000, 0x00000007aab00000)
  object space 53760K, 88% used [0x0000000780000000,0x0000000782eb6968,0x0000000783480000)
 Metaspace       used 19284K, capacity 19473K, committed 19712K, reserved 1067008K
  class space    used 1873K, capacity 1943K, committed 2048K, reserved 1048576K
}
Event: 1275.958 GC heap before
{Heap before GC invocations=216 (full 2):
 PSYoungGen      total 34816K, used 1952K [0x00000007aab00000, 0x00000007ad080000, 0x00000007c0000000)
  eden space 32768K, 0% used [0x00000007aab00000,0x00000007aab00000,0x00000007acb00000)
  from space 2048K, 95% used [0x00000007acd80000,0x00000007acf68070,0x00000007acf80000)
  to   space 2560K, 0% used [0x00000007acb00000,0x00000007acb00000,0x00000007acd80000)
 ParOldGen       total 53760K, used 47834K [0x0000000780000000, 0x0000000783480000, 0x00000007aab00000)
  object space 53760K, 88% used [0x0000000780000000,0x0000000782eb6968,0x0000000783480000)
 Metaspace       used 19284K, capacity 19473K, committed 19712K, reserved 1067008K
  class space    used 1873K, capacity 1943K, committed 2048K, reserved 1048576K
Event: 1275.994 GC heap after
Heap after GC invocations=216 (full 2):
 PSYoungGen      total 34816K, used 0K [0x00000007aab00000, 0x00000007ad080000, 0x00000007c0000000)
  eden space 32768K, 0% used [0x00000007aab00000,0x00000007aab00000,0x00000007acb00000)
  from space 2048K, 0% used [0x00000007acd80000,0x00000007acd80000,0x00000007acf80000)
  to   space 2560K, 0% used [0x00000007acb00000,0x00000007acb00000,0x00000007acd80000)
 ParOldGen       total 76288K, used 46150K [0x0000000780000000, 0x0000000784a80000, 0x00000007aab00000)
  object space 76288K, 60% used [0x0000000780000000,0x0000000782d11b90,0x0000000784a80000)
 Metaspace       used 19284K, capacity 19473K, committed 19712K, reserved 1067008K
  class space    used 1873K, capacity 1943K, committed 2048K, reserved 1048576K
}

