# JRE version: Java(TM) SE Runtime Environment (8.0_71-b15) (build 1.8.0_71-b15)
# Java VM: Java HotSpot(TM) 64-Bit Server VM (25.71-b15 mixed mode bsd-amd64 compressed oops)
Heap:
 PSYoungGen      total 76800K, used 22163K [0x00000007aab00000, 0x00000007b0100000, 0x00000007c0000000)
  eden space 65536K, 21% used [0x00000007aab00000,0x00000007ab8b4c40,0x00000007aeb00000)
  from space 11264K, 72% used [0x00000007af600000,0x00000007afdf01f0,0x00000007b0100000)
  to   space 11264K, 0% used [0x00000007aeb00000,0x00000007aeb00000,0x00000007af600000)
 ParOldGen       total 44032K, used 15559K [0x0000000780000000, 0x0000000782b00000, 0x00000007aab00000)
  object space 44032K, 35% used [0x0000000780000000,0x0000000780f31f20,0x0000000782b00000)
 Metaspace       used 18911K, capacity 19141K, committed 19456K, reserved 1067008K
  class space    used 1897K, capacity 1981K, committed 2048K, reserved 1048576K
GC Heap History (10 events):
Event: 5.639 GC heap before
{Heap before GC invocations=4 (full 0):
 PSYoungGen      total 18944K, used 18928K [0x00000007aab00000, 0x00000007ac000000, 0x00000007c0000000)
  eden space 16384K, 100% used [0x00000007aab00000,0x00000007abb00000,0x00000007abb00000)
  from space 2560K, 99% used [0x00000007abb00000,0x00000007abd7c050,0x00000007abd80000)
  to   space 2560K, 0% used [0x00000007abd80000,0x00000007abd80000,0x00000007ac000000)
 ParOldGen       total 44032K, used 5302K [0x0000000780000000, 0x0000000782b00000, 0x00000007aab00000)
  object space 44032K, 12% used [0x0000000780000000,0x000000078052dbd8,0x0000000782b00000)
 Metaspace       used 17662K, capacity 17819K, committed 18048K, reserved 1064960K
  class space    used 1809K, capacity 1884K, committed 1920K, reserved 1048576K
Event: 5.644 GC heap after
Heap after GC invocations=4 (full 0):
 PSYoungGen      total 18944K, used 2528K [0x00000007aab00000, 0x00000007ad000000, 0x00000007c0000000)
  eden space 16384K, 0% used [0x00000007aab00000,0x00000007aab00000,0x00000007abb00000)
  from space 2560K, 98% used [0x00000007abd80000,0x00000007abff8040,0x00000007ac000000)
  to   space 2560K, 0% used [0x00000007abb00000,0x00000007abb00000,0x00000007abd80000)
 ParOldGen       total 44032K, used 5638K [0x0000000780000000, 0x0000000782b00000, 0x00000007aab00000)
  object space 44032K, 12% used [0x0000000780000000,0x0000000780581bd8,0x0000000782b00000)
 Metaspace       used 17662K, capacity 17819K, committed 18048K, reserved 1064960K
  class space    used 1809K, capacity 1884K, committed 1920K, reserved 1048576K
}
Event: 5.891 GC heap before
{Heap before GC invocations=5 (full 0):
 PSYoungGen      total 18944K, used 18757K [0x00000007aab00000, 0x00000007ad000000, 0x00000007c0000000)
  eden space 16384K, 99% used [0x00000007aab00000,0x00000007abad9748,0x00000007abb00000)
  from space 2560K, 98% used [0x00000007abd80000,0x00000007abff8040,0x00000007ac000000)
  to   space 2560K, 0% used [0x00000007abb00000,0x00000007abb00000,0x00000007abd80000)
 ParOldGen       total 44032K, used 5638K [0x0000000780000000, 0x0000000782b00000, 0x00000007aab00000)
  object space 44032K, 12% used [0x0000000780000000,0x0000000780581bd8,0x0000000782b00000)
 Metaspace       used 18292K, capacity 18523K, committed 18688K, reserved 1067008K
  class space    used 1865K, capacity 1948K, committed 2048K, reserved 1048576K
Event: 5.902 GC heap after
Heap after GC invocations=5 (full 0):
 PSYoungGen      total 18944K, used 2528K [0x00000007aab00000, 0x00000007ade00000, 0x00000007c0000000)
  eden space 16384K, 0% used [0x00000007aab00000,0x00000007aab00000,0x00000007abb00000)
  from space 2560K, 98% used [0x00000007abb00000,0x00000007abd78020,0x00000007abd80000)
  to   space 9728K, 0% used [0x00000007ad480000,0x00000007ad480000,0x00000007ade00000)
 ParOldGen       total 44032K, used 13143K [0x0000000780000000, 0x0000000782b00000, 0x00000007aab00000)
  object space 44032K, 29% used [0x0000000780000000,0x0000000780cd5e28,0x0000000782b00000)
 Metaspace       used 18292K, capacity 18523K, committed 18688K, reserved 1067008K
  class space    used 1865K, capacity 1948K, committed 2048K, reserved 1048576K
}
Event: 6.330 GC heap before
{Heap before GC invocations=6 (full 0):
 PSYoungGen      total 18944K, used 18912K [0x00000007aab00000, 0x00000007ade00000, 0x00000007c0000000)
  eden space 16384K, 100% used [0x00000007aab00000,0x00000007abb00000,0x00000007abb00000)
  from space 2560K, 98% used [0x00000007abb00000,0x00000007abd78020,0x00000007abd80000)
  to   space 9728K, 0% used [0x00000007ad480000,0x00000007ad480000,0x00000007ade00000)
 ParOldGen       total 44032K, used 13143K [0x0000000780000000, 0x0000000782b00000, 0x00000007aab00000)
  object space 44032K, 29% used [0x0000000780000000,0x0000000780cd5e28,0x0000000782b00000)
 Metaspace       used 18599K, capacity 18811K, committed 18944K, reserved 1067008K
  class space    used 1888K, capacity 1980K, committed 2048K, reserved 1048576K
Event: 6.339 GC heap after
Heap after GC invocations=6 (full 0):
 PSYoungGen      total 42496K, used 6384K [0x00000007aab00000, 0x00000007ade00000, 0x00000007c0000000)
  eden space 32768K, 0% used [0x00000007aab00000,0x00000007aab00000,0x00000007acb00000)
  from space 9728K, 65% used [0x00000007ad480000,0x00000007adabc120,0x00000007ade00000)
  to   space 9728K, 0% used [0x00000007acb00000,0x00000007acb00000,0x00000007ad480000)
 ParOldGen       total 44032K, used 13151K [0x0000000780000000, 0x0000000782b00000, 0x00000007aab00000)
  object space 44032K, 29% used [0x0000000780000000,0x0000000780cd7e28,0x0000000782b00000)
 Metaspace       used 18599K, capacity 18811K, committed 18944K, reserved 1067008K
  class space    used 1888K, capacity 1980K, committed 2048K, reserved 1048576K
}
Event: 7.625 GC heap before
{Heap before GC invocations=7 (full 0):
 PSYoungGen      total 42496K, used 39152K [0x00000007aab00000, 0x00000007ade00000, 0x00000007c0000000)
  eden space 32768K, 100% used [0x00000007aab00000,0x00000007acb00000,0x00000007acb00000)
  from space 9728K, 65% used [0x00000007ad480000,0x00000007adabc120,0x00000007ade00000)
  to   space 9728K, 0% used [0x00000007acb00000,0x00000007acb00000,0x00000007ad480000)
 ParOldGen       total 44032K, used 13151K [0x0000000780000000, 0x0000000782b00000, 0x00000007aab00000)
  object space 44032K, 29% used [0x0000000780000000,0x0000000780cd7e28,0x0000000782b00000)
 Metaspace       used 18743K, capacity 18939K, committed 19200K, reserved 1067008K
  class space    used 1888K, capacity 1980K, committed 2048K, reserved 1048576K
Event: 7.638 GC heap after
Heap after GC invocations=7 (full 0):
 PSYoungGen      total 42496K, used 9080K [0x00000007aab00000, 0x00000007b0100000, 0x00000007c0000000)
  eden space 32768K, 0% used [0x00000007aab00000,0x00000007aab00000,0x00000007acb00000)
  from space 9728K, 93% used [0x00000007acb00000,0x00000007ad3de3b8,0x00000007ad480000)
  to   space 11264K, 0% used [0x00000007af600000,0x00000007af600000,0x00000007b0100000)
 ParOldGen       total 44032K, used 14580K [0x0000000780000000, 0x0000000782b00000, 0x00000007aab00000)
  object space 44032K, 33% used [0x0000000780000000,0x0000000780e3d288,0x0000000782b00000)
 Metaspace       used 18743K, capacity 18939K, committed 19200K, reserved 1067008K
  class space    used 1888K, capacity 1980K, committed 2048K, reserved 1048576K
}
Event: 12.379 GC heap before
{Heap before GC invocations=8 (full 0):
 PSYoungGen      total 42496K, used 41848K [0x00000007aab00000, 0x00000007b0100000, 0x00000007c0000000)
  eden space 32768K, 100% used [0x00000007aab00000,0x00000007acb00000,0x00000007acb00000)
  from space 9728K, 93% used [0x00000007acb00000,0x00000007ad3de3b8,0x00000007ad480000)
  to   space 11264K, 0% used [0x00000007af600000,0x00000007af600000,0x00000007b0100000)
 ParOldGen       total 44032K, used 14580K [0x0000000780000000, 0x0000000782b00000, 0x00000007aab00000)
  object space 44032K, 33% used [0x0000000780000000,0x0000000780e3d288,0x0000000782b00000)
 Metaspace       used 18835K, capacity 19077K, committed 19200K, reserved 1067008K
  class space    used 1888K, capacity 1981K, committed 2048K, reserved 1048576K
Event: 12.386 GC heap after
Heap after GC invocations=8 (full 0):
 PSYoungGen      total 76800K, used 8128K [0x00000007aab00000, 0x00000007b0100000, 0x00000007c0000000)
  eden space 65536K, 0% used [0x00000007aab00000,0x00000007aab00000,0x00000007aeb00000)
  from space 11264K, 72% used [0x00000007af600000,0x00000007afdf01f0,0x00000007b0100000)
  to   space 11264K, 0% used [0x00000007aeb00000,0x00000007aeb00000,0x00000007af600000)
 ParOldGen       total 44032K, used 15559K [0x0000000780000000, 0x0000000782b00000, 0x00000007aab00000)
  object space 44032K, 35% used [0x0000000780000000,0x0000000780f31f20,0x0000000782b00000)
 Metaspace       used 18835K, capacity 19077K, committed 19200K, reserved 1067008K
  class space    used 1888K, capacity 1981K, committed 2048K, reserved 1048576K
}

