# JRE version: Java(TM) SE Runtime Environment (8.0_71-b15) (build 1.8.0_71-b15)
# Java VM: Java HotSpot(TM) 64-Bit Server VM (25.71-b15 mixed mode bsd-amd64 compressed oops)
Heap:
 PSYoungGen      total 160768K, used 77493K [0x00000007aab00000, 0x00000007b6100000, 0x00000007c0000000)
  eden space 149504K, 50% used [0x00000007aab00000,0x00000007af54d580,0x00000007b3d00000)
  from space 11264K, 12% used [0x00000007b5600000,0x00000007b5760050,0x00000007b6100000)
  to   space 18432K, 0% used [0x00000007b3d00000,0x00000007b3d00000,0x00000007b4f00000)
 ParOldGen       total 74240K, used 55038K [0x0000000780000000, 0x0000000784880000, 0x00000007aab00000)
  object space 74240K, 74% used [0x0000000780000000,0x00000007835bf9e0,0x0000000784880000)
 Metaspace       used 19315K, capacity 19493K, committed 19712K, reserved 1067008K
  class space    used 1882K, capacity 1949K, committed 2048K, reserved 1048576K
GC Heap History (10 events):
Event: 18.647 GC heap before
{Heap before GC invocations=9 (full 0):
 PSYoungGen      total 72704K, used 72560K [0x00000007aab00000, 0x00000007aff00000, 0x00000007c0000000)
  eden space 64000K, 100% used [0x00000007aab00000,0x00000007ae980000,0x00000007ae980000)
  from space 8704K, 98% used [0x00000007af380000,0x00000007afbdc230,0x00000007afc00000)
  to   space 10240K, 0% used [0x00000007ae980000,0x00000007ae980000,0x00000007af380000)
 ParOldGen       total 44032K, used 16823K [0x0000000780000000, 0x0000000782b00000, 0x00000007aab00000)
  object space 44032K, 38% used [0x0000000780000000,0x000000078106de30,0x0000000782b00000)
 Metaspace       used 19141K, capacity 19365K, committed 19712K, reserved 1067008K
  class space    used 1874K, capacity 1949K, committed 2048K, reserved 1048576K
Event: 18.664 GC heap after
Heap after GC invocations=9 (full 0):
 PSYoungGen      total 74240K, used 10133K [0x00000007aab00000, 0x00000007b2500000, 0x00000007c0000000)
  eden space 64000K, 0% used [0x00000007aab00000,0x00000007aab00000,0x00000007ae980000)
  from space 10240K, 98% used [0x00000007ae980000,0x00000007af365478,0x00000007af380000)
  to   space 11264K, 0% used [0x00000007b1a00000,0x00000007b1a00000,0x00000007b2500000)
 ParOldGen       total 44032K, used 24552K [0x0000000780000000, 0x0000000782b00000, 0x00000007aab00000)
  object space 44032K, 55% used [0x0000000780000000,0x00000007817fa010,0x0000000782b00000)
 Metaspace       used 19141K, capacity 19365K, committed 19712K, reserved 1067008K
  class space    used 1874K, capacity 1949K, committed 2048K, reserved 1048576K
}
Event: 20.273 GC heap before
{Heap before GC invocations=10 (full 0):
 PSYoungGen      total 74240K, used 74133K [0x00000007aab00000, 0x00000007b2500000, 0x00000007c0000000)
  eden space 64000K, 100% used [0x00000007aab00000,0x00000007ae980000,0x00000007ae980000)
  from space 10240K, 98% used [0x00000007ae980000,0x00000007af365478,0x00000007af380000)
  to   space 11264K, 0% used [0x00000007b1a00000,0x00000007b1a00000,0x00000007b2500000)
 ParOldGen       total 44032K, used 24552K [0x0000000780000000, 0x0000000782b00000, 0x00000007aab00000)
  object space 44032K, 55% used [0x0000000780000000,0x00000007817fa010,0x0000000782b00000)
 Metaspace       used 19210K, capacity 19429K, committed 19712K, reserved 1067008K
  class space    used 1874K, capacity 1949K, committed 2048K, reserved 1048576K
Event: 20.301 GC heap after
Heap after GC invocations=10 (full 0):
 PSYoungGen      total 109056K, used 11232K [0x00000007aab00000, 0x00000007b2e00000, 0x00000007c0000000)
  eden space 97792K, 0% used [0x00000007aab00000,0x00000007aab00000,0x00000007b0a80000)
  from space 11264K, 99% used [0x00000007b1a00000,0x00000007b24f82c0,0x00000007b2500000)
  to   space 15872K, 0% used [0x00000007b0a80000,0x00000007b0a80000,0x00000007b1a00000)
 ParOldGen       total 44032K, used 33464K [0x0000000780000000, 0x0000000782b00000, 0x00000007aab00000)
  object space 44032K, 76% used [0x0000000780000000,0x00000007820ae2f0,0x0000000782b00000)
 Metaspace       used 19210K, capacity 19429K, committed 19712K, reserved 1067008K
  class space    used 1874K, capacity 1949K, committed 2048K, reserved 1048576K
}
Event: 22.030 GC heap before
{Heap before GC invocations=11 (full 0):
 PSYoungGen      total 109056K, used 108953K [0x00000007aab00000, 0x00000007b2e00000, 0x00000007c0000000)
  eden space 97792K, 99% used [0x00000007aab00000,0x00000007b0a6e270,0x00000007b0a80000)
  from space 11264K, 99% used [0x00000007b1a00000,0x00000007b24f82c0,0x00000007b2500000)
  to   space 15872K, 0% used [0x00000007b0a80000,0x00000007b0a80000,0x00000007b1a00000)
 ParOldGen       total 44032K, used 33464K [0x0000000780000000, 0x0000000782b00000, 0x00000007aab00000)
  object space 44032K, 76% used [0x0000000780000000,0x00000007820ae2f0,0x0000000782b00000)
 Metaspace       used 19276K, capacity 19493K, committed 19712K, reserved 1067008K
  class space    used 1874K, capacity 1949K, committed 2048K, reserved 1048576K
Event: 22.049 GC heap after
Heap after GC invocations=11 (full 0):
 PSYoungGen      total 113664K, used 15840K [0x00000007aab00000, 0x00000007b6800000, 0x00000007c0000000)
  eden space 97792K, 0% used [0x00000007aab00000,0x00000007aab00000,0x00000007b0a80000)
  from space 15872K, 99% used [0x00000007b0a80000,0x00000007b19f83d0,0x00000007b1a00000)
  to   space 18432K, 0% used [0x00000007b5600000,0x00000007b5600000,0x00000007b6800000)
 ParOldGen       total 44032K, used 43785K [0x0000000780000000, 0x0000000782b00000, 0x00000007aab00000)
  object space 44032K, 99% used [0x0000000780000000,0x0000000782ac2570,0x0000000782b00000)
 Metaspace       used 19276K, capacity 19493K, committed 19712K, reserved 1067008K
  class space    used 1874K, capacity 1949K, committed 2048K, reserved 1048576K
}
Event: 22.049 GC heap before
{Heap before GC invocations=12 (full 1):
 PSYoungGen      total 113664K, used 15840K [0x00000007aab00000, 0x00000007b6800000, 0x00000007c0000000)
  eden space 97792K, 0% used [0x00000007aab00000,0x00000007aab00000,0x00000007b0a80000)
  from space 15872K, 99% used [0x00000007b0a80000,0x00000007b19f83d0,0x00000007b1a00000)
  to   space 18432K, 0% used [0x00000007b5600000,0x00000007b5600000,0x00000007b6800000)
 ParOldGen       total 44032K, used 43785K [0x0000000780000000, 0x0000000782b00000, 0x00000007aab00000)
  object space 44032K, 99% used [0x0000000780000000,0x0000000782ac2570,0x0000000782b00000)
 Metaspace       used 19276K, capacity 19493K, committed 19712K, reserved 1067008K
  class space    used 1874K, capacity 1949K, committed 2048K, reserved 1048576K
Event: 22.173 GC heap after
Heap after GC invocations=12 (full 1):
 PSYoungGen      total 113664K, used 11012K [0x00000007aab00000, 0x00000007b6800000, 0x00000007c0000000)
  eden space 97792K, 0% used [0x00000007aab00000,0x00000007aab00000,0x00000007b0a80000)
  from space 15872K, 69% used [0x00000007b0a80000,0x00000007b15410b0,0x00000007b1a00000)
  to   space 18432K, 0% used [0x00000007b5600000,0x00000007b5600000,0x00000007b6800000)
 ParOldGen       total 74240K, used 44029K [0x0000000780000000, 0x0000000784880000, 0x00000007aab00000)
  object space 74240K, 59% used [0x0000000780000000,0x0000000782aff730,0x0000000784880000)
 Metaspace       used 19276K, capacity 19493K, committed 19712K, reserved 1067008K
  class space    used 1874K, capacity 1949K, committed 2048K, reserved 1048576K
}
Event: 51.425 GC heap before
{Heap before GC invocations=13 (full 1):
 PSYoungGen      total 113664K, used 108804K [0x00000007aab00000, 0x00000007b6800000, 0x00000007c0000000)
  eden space 97792K, 100% used [0x00000007aab00000,0x00000007b0a80000,0x00000007b0a80000)
  from space 15872K, 69% used [0x00000007b0a80000,0x00000007b15410b0,0x00000007b1a00000)
  to   space 18432K, 0% used [0x00000007b5600000,0x00000007b5600000,0x00000007b6800000)
 ParOldGen       total 74240K, used 44029K [0x0000000780000000, 0x0000000784880000, 0x00000007aab00000)
  object space 74240K, 59% used [0x0000000780000000,0x0000000782aff730,0x0000000784880000)
 Metaspace       used 19277K, capacity 19493K, committed 19712K, reserved 1067008K
  class space    used 1874K, capacity 1949K, committed 2048K, reserved 1048576K
Event: 51.440 GC heap after
Heap after GC invocations=13 (full 1):
 PSYoungGen      total 160768K, used 1408K [0x00000007aab00000, 0x00000007b6100000, 0x00000007c0000000)
  eden space 149504K, 0% used [0x00000007aab00000,0x00000007aab00000,0x00000007b3d00000)
  from space 11264K, 12% used [0x00000007b5600000,0x00000007b5760050,0x00000007b6100000)
  to   space 18432K, 0% used [0x00000007b3d00000,0x00000007b3d00000,0x00000007b4f00000)
 ParOldGen       total 74240K, used 55038K [0x0000000780000000, 0x0000000784880000, 0x00000007aab00000)
  object space 74240K, 74% used [0x0000000780000000,0x00000007835bf9e0,0x0000000784880000)
 Metaspace       used 19277K, capacity 19493K, committed 19712K, reserved 1067008K
  class space    used 1874K, capacity 1949K, committed 2048K, reserved 1048576K
}

