# JRE version: Java(TM) SE Runtime Environment (8.0_71-b15) (build 1.8.0_71-b15)
# Java VM: Java HotSpot(TM) 64-Bit Server VM (25.71-b15 mixed mode bsd-amd64 compressed oops)
Heap:
 PSYoungGen      total 216576K, used 167267K [0x00000007aab00000, 0x00000007bd280000, 0x00000007c0000000)
  eden space 192512K, 86% used [0x00000007aab00000,0x00000007b4e58e68,0x00000007b6700000)
  from space 24064K, 0% used [0x00000007b6700000,0x00000007b6700000,0x00000007b7e80000)
  to   space 24576K, 0% used [0x00000007bba80000,0x00000007bba80000,0x00000007bd280000)
 ParOldGen       total 140800K, used 83361K [0x0000000780000000, 0x0000000788980000, 0x00000007aab00000)
  object space 140800K, 59% used [0x0000000780000000,0x00000007851684e0,0x0000000788980000)
 Metaspace       used 19829K, capacity 20069K, committed 20224K, reserved 1067008K
  class space    used 1886K, capacity 1949K, committed 2048K, reserved 1048576K
GC Heap History (10 events):
Event: 18.758 GC heap before
{Heap before GC invocations=14 (full 2):
 PSYoungGen      total 163840K, used 15648K [0x00000007aab00000, 0x00000007b6180000, 0x00000007c0000000)
  eden space 143872K, 0% used [0x00000007aab00000,0x00000007aab00000,0x00000007b3780000)
  from space 19968K, 78% used [0x00000007b4c80000,0x00000007b5bc83c0,0x00000007b6000000)
  to   space 21504K, 0% used [0x00000007b3780000,0x00000007b3780000,0x00000007b4c80000)
 ParOldGen       total 76288K, used 63530K [0x0000000780000000, 0x0000000784a80000, 0x00000007aab00000)
  object space 76288K, 83% used [0x0000000780000000,0x0000000783e0a9c8,0x0000000784a80000)
 Metaspace       used 19378K, capacity 19557K, committed 19712K, reserved 1067008K
  class space    used 1876K, capacity 1949K, committed 2048K, reserved 1048576K
Event: 18.838 GC heap after
Heap after GC invocations=14 (full 2):
 PSYoungGen      total 163840K, used 1795K [0x00000007aab00000, 0x00000007b6180000, 0x00000007c0000000)
  eden space 143872K, 0% used [0x00000007aab00000,0x00000007aab00000,0x00000007b3780000)
  from space 19968K, 8% used [0x00000007b4c80000,0x00000007b4e40cb0,0x00000007b6000000)
  to   space 21504K, 0% used [0x00000007b3780000,0x00000007b3780000,0x00000007b4c80000)
 ParOldGen       total 119808K, used 76168K [0x0000000780000000, 0x0000000787500000, 0x00000007aab00000)
  object space 119808K, 63% used [0x0000000780000000,0x0000000784a62308,0x0000000787500000)
 Metaspace       used 19378K, capacity 19557K, committed 19712K, reserved 1067008K
  class space    used 1876K, capacity 1949K, committed 2048K, reserved 1048576K
}
Event: 20.828 GC heap before
{Heap before GC invocations=15 (full 2):
 PSYoungGen      total 163840K, used 145667K [0x00000007aab00000, 0x00000007b6180000, 0x00000007c0000000)
  eden space 143872K, 100% used [0x00000007aab00000,0x00000007b3780000,0x00000007b3780000)
  from space 19968K, 8% used [0x00000007b4c80000,0x00000007b4e40cb0,0x00000007b6000000)
  to   space 21504K, 0% used [0x00000007b3780000,0x00000007b3780000,0x00000007b4c80000)
 ParOldGen       total 119808K, used 76742K [0x0000000780000000, 0x0000000787500000, 0x00000007aab00000)
  object space 119808K, 64% used [0x0000000780000000,0x0000000784af1af8,0x0000000787500000)
 Metaspace       used 19467K, capacity 19621K, committed 19968K, reserved 1067008K
  class space    used 1877K, capacity 1949K, committed 2048K, reserved 1048576K
Event: 20.843 GC heap after
Heap after GC invocations=15 (full 2):
 PSYoungGen      total 165376K, used 19393K [0x00000007aab00000, 0x00000007b9600000, 0x00000007c0000000)
  eden space 143872K, 0% used [0x00000007aab00000,0x00000007aab00000,0x00000007b3780000)
  from space 21504K, 90% used [0x00000007b3780000,0x00000007b4a704b0,0x00000007b4c80000)
  to   space 23552K, 0% used [0x00000007b7f00000,0x00000007b7f00000,0x00000007b9600000)
 ParOldGen       total 119808K, used 78542K [0x0000000780000000, 0x0000000787500000, 0x00000007aab00000)
  object space 119808K, 65% used [0x0000000780000000,0x0000000784cb3b68,0x0000000787500000)
 Metaspace       used 19467K, capacity 19621K, committed 19968K, reserved 1067008K
  class space    used 1877K, capacity 1949K, committed 2048K, reserved 1048576K
}
Event: 25.985 GC heap before
{Heap before GC invocations=16 (full 2):
 PSYoungGen      total 165376K, used 163265K [0x00000007aab00000, 0x00000007b9600000, 0x00000007c0000000)
  eden space 143872K, 100% used [0x00000007aab00000,0x00000007b3780000,0x00000007b3780000)
  from space 21504K, 90% used [0x00000007b3780000,0x00000007b4a704b0,0x00000007b4c80000)
  to   space 23552K, 0% used [0x00000007b7f00000,0x00000007b7f00000,0x00000007b9600000)
 ParOldGen       total 119808K, used 78542K [0x0000000780000000, 0x0000000787500000, 0x00000007aab00000)
  object space 119808K, 65% used [0x0000000780000000,0x0000000784cb3b68,0x0000000787500000)
 Metaspace       used 19635K, capacity 19813K, committed 19968K, reserved 1067008K
  class space    used 1877K, capacity 1949K, committed 2048K, reserved 1048576K
Event: 26.032 GC heap after
Heap after GC invocations=16 (full 2):
 PSYoungGen      total 216064K, used 15808K [0x00000007aab00000, 0x00000007b9600000, 0x00000007c0000000)
  eden space 192512K, 0% used [0x00000007aab00000,0x00000007aab00000,0x00000007b6700000)
  from space 23552K, 67% used [0x00000007b7f00000,0x00000007b8e703d0,0x00000007b9600000)
  to   space 24064K, 0% used [0x00000007b6700000,0x00000007b6700000,0x00000007b7e80000)
 ParOldGen       total 119808K, used 96527K [0x0000000780000000, 0x0000000787500000, 0x00000007aab00000)
  object space 119808K, 80% used [0x0000000780000000,0x0000000785e43fc8,0x0000000787500000)
 Metaspace       used 19635K, capacity 19813K, committed 19968K, reserved 1067008K
  class space    used 1877K, capacity 1949K, committed 2048K, reserved 1048576K
}
Event: 39.367 GC heap before
{Heap before GC invocations=17 (full 2):
 PSYoungGen      total 216064K, used 208320K [0x00000007aab00000, 0x00000007b9600000, 0x00000007c0000000)
  eden space 192512K, 100% used [0x00000007aab00000,0x00000007b6700000,0x00000007b6700000)
  from space 23552K, 67% used [0x00000007b7f00000,0x00000007b8e703d0,0x00000007b9600000)
  to   space 24064K, 0% used [0x00000007b6700000,0x00000007b6700000,0x00000007b7e80000)
 ParOldGen       total 119808K, used 96527K [0x0000000780000000, 0x0000000787500000, 0x00000007aab00000)
  object space 119808K, 80% used [0x0000000780000000,0x0000000785e43fc8,0x0000000787500000)
 Metaspace       used 19732K, capacity 19941K, committed 20224K, reserved 1067008K
  class space    used 1877K, capacity 1949K, committed 2048K, reserved 1048576K
Event: 39.440 GC heap after
Heap after GC invocations=17 (full 2):
 PSYoungGen      total 216576K, used 15953K [0x00000007aab00000, 0x00000007bd280000, 0x00000007c0000000)
  eden space 192512K, 0% used [0x00000007aab00000,0x00000007aab00000,0x00000007b6700000)
  from space 24064K, 66% used [0x00000007b6700000,0x00000007b7694400,0x00000007b7e80000)
  to   space 24576K, 0% used [0x00000007bba80000,0x00000007bba80000,0x00000007bd280000)
 ParOldGen       total 119808K, used 111176K [0x0000000780000000, 0x0000000787500000, 0x00000007aab00000)
  object space 119808K, 92% used [0x0000000780000000,0x0000000786c92358,0x0000000787500000)
 Metaspace       used 19732K, capacity 19941K, committed 20224K, reserved 1067008K
  class space    used 1877K, capacity 1949K, committed 2048K, reserved 1048576K
}
Event: 39.440 GC heap before
{Heap before GC invocations=18 (full 3):
 PSYoungGen      total 216576K, used 15953K [0x00000007aab00000, 0x00000007bd280000, 0x00000007c0000000)
  eden space 192512K, 0% used [0x00000007aab00000,0x00000007aab00000,0x00000007b6700000)
  from space 24064K, 66% used [0x00000007b6700000,0x00000007b7694400,0x00000007b7e80000)
  to   space 24576K, 0% used [0x00000007bba80000,0x00000007bba80000,0x00000007bd280000)
 ParOldGen       total 119808K, used 111176K [0x0000000780000000, 0x0000000787500000, 0x00000007aab00000)
  object space 119808K, 92% used [0x0000000780000000,0x0000000786c92358,0x0000000787500000)
 Metaspace       used 19732K, capacity 19941K, committed 20224K, reserved 1067008K
  class space    used 1877K, capacity 1949K, committed 2048K, reserved 1048576K
Event: 39.535 GC heap after
Heap after GC invocations=18 (full 3):
 PSYoungGen      total 216576K, used 0K [0x00000007aab00000, 0x00000007bd280000, 0x00000007c0000000)
  eden space 192512K, 0% used [0x00000007aab00000,0x00000007aab00000,0x00000007b6700000)
  from space 24064K, 0% used [0x00000007b6700000,0x00000007b6700000,0x00000007b7e80000)
  to   space 24576K, 0% used [0x00000007bba80000,0x00000007bba80000,0x00000007bd280000)
 ParOldGen       total 140800K, used 83361K [0x0000000780000000, 0x0000000788980000, 0x00000007aab00000)
  object space 140800K, 59% used [0x0000000780000000,0x00000007851684e0,0x0000000788980000)
 Metaspace       used 19732K, capacity 19941K, committed 20224K, reserved 1067008K
  class space    used 1877K, capacity 1949K, committed 2048K, reserved 1048576K
}

