# JRE version: Java(TM) SE Runtime Environment (8.0_71-b15) (build 1.8.0_71-b15)
# Java VM: Java HotSpot(TM) 64-Bit Server VM (25.71-b15 mixed mode bsd-amd64 compressed oops)
Heap:
 PSYoungGen      total 41984K, used 22833K [0x00000007aab00000, 0x00000007afd00000, 0x00000007c0000000)
  eden space 32768K, 60% used [0x00000007aab00000,0x00000007abe34678,0x00000007acb00000)
  from space 9216K, 34% used [0x00000007acb00000,0x00000007ace18090,0x00000007ad400000)
  to   space 9216K, 0% used [0x00000007af400000,0x00000007af400000,0x00000007afd00000)
 ParOldGen       total 44032K, used 18339K [0x0000000780000000, 0x0000000782b00000, 0x00000007aab00000)
  object space 44032K, 41% used [0x0000000780000000,0x00000007811e8c60,0x0000000782b00000)
 Metaspace       used 19005K, capacity 19173K, committed 19456K, reserved 1067008K
  class space    used 1875K, capacity 1949K, committed 2048K, reserved 1048576K
GC Heap History (10 events):
Event: 6.955 GC heap before
{Heap before GC invocations=3 (full 0):
 PSYoungGen      total 18944K, used 18912K [0x00000007aab00000, 0x00000007ac000000, 0x00000007c0000000)
  eden space 16384K, 100% used [0x00000007aab00000,0x00000007abb00000,0x00000007abb00000)
  from space 2560K, 98% used [0x00000007abd80000,0x00000007abff8020,0x00000007ac000000)
  to   space 2560K, 0% used [0x00000007abb00000,0x00000007abb00000,0x00000007abd80000)
 ParOldGen       total 44032K, used 2514K [0x0000000780000000, 0x0000000782b00000, 0x00000007aab00000)
  object space 44032K, 5% used [0x0000000780000000,0x0000000780274aa0,0x0000000782b00000)
 Metaspace       used 18114K, capacity 18337K, committed 18688K, reserved 1067008K
  class space    used 1849K, capacity 1949K, committed 2048K, reserved 1048576K
Event: 6.973 GC heap after
Heap after GC invocations=3 (full 0):
 PSYoungGen      total 18944K, used 2545K [0x00000007aab00000, 0x00000007ac000000, 0x00000007c0000000)
  eden space 16384K, 0% used [0x00000007aab00000,0x00000007aab00000,0x00000007abb00000)
  from space 2560K, 99% used [0x00000007abb00000,0x00000007abd7c748,0x00000007abd80000)
  to   space 2560K, 0% used [0x00000007abd80000,0x00000007abd80000,0x00000007ac000000)
 ParOldGen       total 44032K, used 9828K [0x0000000780000000, 0x0000000782b00000, 0x00000007aab00000)
  object space 44032K, 22% used [0x0000000780000000,0x0000000780999280,0x0000000782b00000)
 Metaspace       used 18114K, capacity 18337K, committed 18688K, reserved 1067008K
  class space    used 1849K, capacity 1949K, committed 2048K, reserved 1048576K
}
Event: 7.304 GC heap before
{Heap before GC invocations=4 (full 0):
 PSYoungGen      total 18944K, used 18929K [0x00000007aab00000, 0x00000007ac000000, 0x00000007c0000000)
  eden space 16384K, 100% used [0x00000007aab00000,0x00000007abb00000,0x00000007abb00000)
  from space 2560K, 99% used [0x00000007abb00000,0x00000007abd7c748,0x00000007abd80000)
  to   space 2560K, 0% used [0x00000007abd80000,0x00000007abd80000,0x00000007ac000000)
 ParOldGen       total 44032K, used 9828K [0x0000000780000000, 0x0000000782b00000, 0x00000007aab00000)
  object space 44032K, 22% used [0x0000000780000000,0x0000000780999280,0x0000000782b00000)
 Metaspace       used 18288K, capacity 18465K, committed 18688K, reserved 1067008K
  class space    used 1867K, capacity 1949K, committed 2048K, reserved 1048576K
Event: 7.317 GC heap after
Heap after GC invocations=4 (full 0):
 PSYoungGen      total 18944K, used 2545K [0x00000007aab00000, 0x00000007ad000000, 0x00000007c0000000)
  eden space 16384K, 0% used [0x00000007aab00000,0x00000007aab00000,0x00000007abb00000)
  from space 2560K, 99% used [0x00000007abd80000,0x00000007abffc768,0x00000007ac000000)
  to   space 2560K, 0% used [0x00000007abb00000,0x00000007abb00000,0x00000007abd80000)
 ParOldGen       total 44032K, used 12986K [0x0000000780000000, 0x0000000782b00000, 0x00000007aab00000)
  object space 44032K, 29% used [0x0000000780000000,0x0000000780caeb70,0x0000000782b00000)
 Metaspace       used 18288K, capacity 18465K, committed 18688K, reserved 1067008K
  class space    used 1867K, capacity 1949K, committed 2048K, reserved 1048576K
}
Event: 7.513 GC heap before
{Heap before GC invocations=5 (full 0):
 PSYoungGen      total 18944K, used 18892K [0x00000007aab00000, 0x00000007ad000000, 0x00000007c0000000)
  eden space 16384K, 99% used [0x00000007aab00000,0x00000007abaf6a70,0x00000007abb00000)
  from space 2560K, 99% used [0x00000007abd80000,0x00000007abffc768,0x00000007ac000000)
  to   space 2560K, 0% used [0x00000007abb00000,0x00000007abb00000,0x00000007abd80000)
 ParOldGen       total 44032K, used 12986K [0x0000000780000000, 0x0000000782b00000, 0x00000007aab00000)
  object space 44032K, 29% used [0x0000000780000000,0x0000000780caeb70,0x0000000782b00000)
 Metaspace       used 18331K, capacity 18529K, committed 18688K, reserved 1067008K
  class space    used 1867K, capacity 1949K, committed 2048K, reserved 1048576K
Event: 7.521 GC heap after
Heap after GC invocations=5 (full 0):
 PSYoungGen      total 18944K, used 2545K [0x00000007aab00000, 0x00000007add00000, 0x00000007c0000000)
  eden space 16384K, 0% used [0x00000007aab00000,0x00000007aab00000,0x00000007abb00000)
  from space 2560K, 99% used [0x00000007abb00000,0x00000007abd7c788,0x00000007abd80000)
  to   space 9216K, 0% used [0x00000007ad400000,0x00000007ad400000,0x00000007add00000)
 ParOldGen       total 44032K, used 16994K [0x0000000780000000, 0x0000000782b00000, 0x00000007aab00000)
  object space 44032K, 38% used [0x0000000780000000,0x0000000781098bf0,0x0000000782b00000)
 Metaspace       used 18331K, capacity 18529K, committed 18688K, reserved 1067008K
  class space    used 1867K, capacity 1949K, committed 2048K, reserved 1048576K
}
Event: 9.991 GC heap before
{Heap before GC invocations=6 (full 0):
 PSYoungGen      total 18944K, used 18929K [0x00000007aab00000, 0x00000007add00000, 0x00000007c0000000)
  eden space 16384K, 100% used [0x00000007aab00000,0x00000007abb00000,0x00000007abb00000)
  from space 2560K, 99% used [0x00000007abb00000,0x00000007abd7c788,0x00000007abd80000)
  to   space 9216K, 0% used [0x00000007ad400000,0x00000007ad400000,0x00000007add00000)
 ParOldGen       total 44032K, used 16994K [0x0000000780000000, 0x0000000782b00000, 0x00000007aab00000)
  object space 44032K, 38% used [0x0000000780000000,0x0000000781098bf0,0x0000000782b00000)
 Metaspace       used 18664K, capacity 18913K, committed 19200K, reserved 1067008K
  class space    used 1867K, capacity 1949K, committed 2048K, reserved 1048576K
Event: 10.002 GC heap after
Heap after GC invocations=6 (full 0):
 PSYoungGen      total 41984K, used 4433K [0x00000007aab00000, 0x00000007add00000, 0x00000007c0000000)
  eden space 32768K, 0% used [0x00000007aab00000,0x00000007aab00000,0x00000007acb00000)
  from space 9216K, 48% used [0x00000007ad400000,0x00000007ad8547f8,0x00000007add00000)
  to   space 9216K, 0% used [0x00000007acb00000,0x00000007acb00000,0x00000007ad400000)
 ParOldGen       total 44032K, used 17002K [0x0000000780000000, 0x0000000782b00000, 0x00000007aab00000)
  object space 44032K, 38% used [0x0000000780000000,0x000000078109abf0,0x0000000782b00000)
 Metaspace       used 18664K, capacity 18913K, committed 19200K, reserved 1067008K
  class space    used 1867K, capacity 1949K, committed 2048K, reserved 1048576K
}
Event: 19.587 GC heap before
{Heap before GC invocations=7 (full 0):
 PSYoungGen      total 41984K, used 37201K [0x00000007aab00000, 0x00000007add00000, 0x00000007c0000000)
  eden space 32768K, 100% used [0x00000007aab00000,0x00000007acb00000,0x00000007acb00000)
  from space 9216K, 48% used [0x00000007ad400000,0x00000007ad8547f8,0x00000007add00000)
  to   space 9216K, 0% used [0x00000007acb00000,0x00000007acb00000,0x00000007ad400000)
 ParOldGen       total 44032K, used 17002K [0x0000000780000000, 0x0000000782b00000, 0x00000007aab00000)
  object space 44032K, 38% used [0x0000000780000000,0x000000078109abf0,0x0000000782b00000)
 Metaspace       used 18968K, capacity 19173K, committed 19456K, reserved 1067008K
  class space    used 1867K, capacity 1949K, committed 2048K, reserved 1048576K
Event: 19.606 GC heap after
Heap after GC invocations=7 (full 0):
 PSYoungGen      total 41984K, used 3168K [0x00000007aab00000, 0x00000007afd00000, 0x00000007c0000000)
  eden space 32768K, 0% used [0x00000007aab00000,0x00000007aab00000,0x00000007acb00000)
  from space 9216K, 34% used [0x00000007acb00000,0x00000007ace18090,0x00000007ad400000)
  to   space 9216K, 0% used [0x00000007af400000,0x00000007af400000,0x00000007afd00000)
 ParOldGen       total 44032K, used 18339K [0x0000000780000000, 0x0000000782b00000, 0x00000007aab00000)
  object space 44032K, 41% used [0x0000000780000000,0x00000007811e8c60,0x0000000782b00000)
 Metaspace       used 18968K, capacity 19173K, committed 19456K, reserved 1067008K
  class space    used 1867K, capacity 1949K, committed 2048K, reserved 1048576K
}

