# JRE version: Java(TM) SE Runtime Environment (8.0_71-b15) (build 1.8.0_71-b15)
# Java VM: Java HotSpot(TM) 64-Bit Server VM (25.71-b15 mixed mode bsd-amd64 compressed oops)
Heap:
 PSYoungGen      total 77312K, used 69802K [0x000000013f700000, 0x0000000148f00000, 0x0000000154c00000)
  eden space 65536K, 91% used [0x000000013f700000,0x00000001431b2888,0x0000000143700000)
  from space 11776K, 82% used [0x0000000143700000,0x0000000144078230,0x0000000144280000)
  to   space 12288K, 0% used [0x0000000148300000,0x0000000148300000,0x0000000148f00000)
 ParOldGen       total 44032K, used 23045K [0x0000000114c00000, 0x0000000117700000, 0x000000013f700000)
  object space 44032K, 52% used [0x0000000114c00000,0x0000000116281460,0x0000000117700000)
 Metaspace       used 19539K, capacity 19781K, committed 19968K, reserved 1067008K
  class space    used 1914K, capacity 1981K, committed 2048K, reserved 1048576K
GC Heap History (10 events):
Event: 4.846 GC heap before
{Heap before GC invocations=3 (full 0):
 PSYoungGen      total 18944K, used 18738K [0x000000013f700000, 0x0000000141c00000, 0x0000000154c00000)
  eden space 16384K, 98% used [0x000000013f700000,0x00000001406d0a98,0x0000000140700000)
  from space 2560K, 99% used [0x0000000140980000,0x0000000140bfc030,0x0000000140c00000)
  to   space 2560K, 0% used [0x0000000140700000,0x0000000140700000,0x0000000140980000)
 ParOldGen       total 44032K, used 2450K [0x0000000114c00000, 0x0000000117700000, 0x000000013f700000)
  object space 44032K, 5% used [0x0000000114c00000,0x0000000114e64bc0,0x0000000117700000)
 Metaspace       used 17698K, capacity 17851K, committed 18048K, reserved 1064960K
  class space    used 1800K, capacity 1852K, committed 1920K, reserved 1048576K
Event: 4.859 GC heap after
Heap after GC invocations=3 (full 0):
 PSYoungGen      total 18944K, used 2545K [0x000000013f700000, 0x0000000141c00000, 0x0000000154c00000)
  eden space 16384K, 0% used [0x000000013f700000,0x000000013f700000,0x0000000140700000)
  from space 2560K, 99% used [0x0000000140700000,0x000000014097c788,0x0000000140980000)
  to   space 2560K, 0% used [0x0000000141980000,0x0000000141980000,0x0000000141c00000)
 ParOldGen       total 44032K, used 10036K [0x0000000114c00000, 0x0000000117700000, 0x000000013f700000)
  object space 44032K, 22% used [0x0000000114c00000,0x00000001155cd0b8,0x0000000117700000)
 Metaspace       used 17698K, capacity 17851K, committed 18048K, reserved 1064960K
  class space    used 1800K, capacity 1852K, committed 1920K, reserved 1048576K
}
Event: 5.363 GC heap before
{Heap before GC invocations=4 (full 0):
 PSYoungGen      total 18944K, used 18758K [0x000000013f700000, 0x0000000141c00000, 0x0000000154c00000)
  eden space 16384K, 98% used [0x000000013f700000,0x00000001406d51b0,0x0000000140700000)
  from space 2560K, 99% used [0x0000000140700000,0x000000014097c788,0x0000000140980000)
  to   space 2560K, 0% used [0x0000000141980000,0x0000000141980000,0x0000000141c00000)
 ParOldGen       total 44032K, used 10036K [0x0000000114c00000, 0x0000000117700000, 0x000000013f700000)
  object space 44032K, 22% used [0x0000000114c00000,0x00000001155cd0b8,0x0000000117700000)
 Metaspace       used 18639K, capacity 18843K, committed 19200K, reserved 1067008K
  class space    used 1887K, capacity 1948K, committed 2048K, reserved 1048576K
Event: 5.409 GC heap after
Heap after GC invocations=4 (full 0):
 PSYoungGen      total 35328K, used 2545K [0x000000013f700000, 0x0000000141c00000, 0x0000000154c00000)
  eden space 32768K, 0% used [0x000000013f700000,0x000000013f700000,0x0000000141700000)
  from space 2560K, 99% used [0x0000000141980000,0x0000000141bfc788,0x0000000141c00000)
  to   space 2560K, 0% used [0x0000000141700000,0x0000000141700000,0x0000000141980000)
 ParOldGen       total 44032K, used 15565K [0x0000000114c00000, 0x0000000117700000, 0x000000013f700000)
  object space 44032K, 35% used [0x0000000114c00000,0x0000000115b335e8,0x0000000117700000)
 Metaspace       used 18639K, capacity 18843K, committed 19200K, reserved 1067008K
  class space    used 1887K, capacity 1948K, committed 2048K, reserved 1048576K
}
Event: 6.012 GC heap before
{Heap before GC invocations=5 (full 0):
 PSYoungGen      total 35328K, used 35111K [0x000000013f700000, 0x0000000141c00000, 0x0000000154c00000)
  eden space 32768K, 99% used [0x000000013f700000,0x00000001416cd700,0x0000000141700000)
  from space 2560K, 99% used [0x0000000141980000,0x0000000141bfc788,0x0000000141c00000)
  to   space 2560K, 0% used [0x0000000141700000,0x0000000141700000,0x0000000141980000)
 ParOldGen       total 44032K, used 15565K [0x0000000114c00000, 0x0000000117700000, 0x000000013f700000)
  object space 44032K, 35% used [0x0000000114c00000,0x0000000115b335e8,0x0000000117700000)
 Metaspace       used 18756K, capacity 18975K, committed 19200K, reserved 1067008K
  class space    used 1887K, capacity 1948K, committed 2048K, reserved 1048576K
Event: 6.030 GC heap after
Heap after GC invocations=5 (full 0):
 PSYoungGen      total 35328K, used 2544K [0x000000013f700000, 0x0000000144f00000, 0x0000000154c00000)
  eden space 32768K, 0% used [0x000000013f700000,0x000000013f700000,0x0000000141700000)
  from space 2560K, 99% used [0x0000000141700000,0x000000014197c030,0x0000000141980000)
  to   space 12288K, 0% used [0x0000000144300000,0x0000000144300000,0x0000000144f00000)
 ParOldGen       total 44032K, used 22030K [0x0000000114c00000, 0x0000000117700000, 0x000000013f700000)
  object space 44032K, 50% used [0x0000000114c00000,0x0000000116183838,0x0000000117700000)
 Metaspace       used 18756K, capacity 18975K, committed 19200K, reserved 1067008K
  class space    used 1887K, capacity 1948K, committed 2048K, reserved 1048576K
}
Event: 10.241 GC heap before
{Heap before GC invocations=6 (full 0):
 PSYoungGen      total 35328K, used 35299K [0x000000013f700000, 0x0000000144f00000, 0x0000000154c00000)
  eden space 32768K, 99% used [0x000000013f700000,0x00000001416fcd78,0x0000000141700000)
  from space 2560K, 99% used [0x0000000141700000,0x000000014197c030,0x0000000141980000)
  to   space 12288K, 0% used [0x0000000144300000,0x0000000144300000,0x0000000144f00000)
 ParOldGen       total 44032K, used 22030K [0x0000000114c00000, 0x0000000117700000, 0x000000013f700000)
  object space 44032K, 50% used [0x0000000114c00000,0x0000000116183838,0x0000000117700000)
 Metaspace       used 19158K, capacity 19365K, committed 19712K, reserved 1067008K
  class space    used 1890K, capacity 1949K, committed 2048K, reserved 1048576K
Event: 10.253 GC heap after
Heap after GC invocations=6 (full 0):
 PSYoungGen      total 76800K, used 5552K [0x000000013f700000, 0x0000000144e00000, 0x0000000154c00000)
  eden space 65536K, 0% used [0x000000013f700000,0x000000013f700000,0x0000000143700000)
  from space 11264K, 49% used [0x0000000144300000,0x000000014486c110,0x0000000144e00000)
  to   space 11776K, 0% used [0x0000000143700000,0x0000000143700000,0x0000000144280000)
 ParOldGen       total 44032K, used 22038K [0x0000000114c00000, 0x0000000117700000, 0x000000013f700000)
  object space 44032K, 50% used [0x0000000114c00000,0x0000000116185838,0x0000000117700000)
 Metaspace       used 19158K, capacity 19365K, committed 19712K, reserved 1067008K
  class space    used 1890K, capacity 1949K, committed 2048K, reserved 1048576K
}
Event: 17.202 GC heap before
{Heap before GC invocations=7 (full 0):
 PSYoungGen      total 76800K, used 71088K [0x000000013f700000, 0x0000000144e00000, 0x0000000154c00000)
  eden space 65536K, 100% used [0x000000013f700000,0x0000000143700000,0x0000000143700000)
  from space 11264K, 49% used [0x0000000144300000,0x000000014486c110,0x0000000144e00000)
  to   space 11776K, 0% used [0x0000000143700000,0x0000000143700000,0x0000000144280000)
 ParOldGen       total 44032K, used 22038K [0x0000000114c00000, 0x0000000117700000, 0x000000013f700000)
  object space 44032K, 50% used [0x0000000114c00000,0x0000000116185838,0x0000000117700000)
 Metaspace       used 19497K, capacity 19653K, committed 19968K, reserved 1067008K
  class space    used 1906K, capacity 1981K, committed 2048K, reserved 1048576K
Event: 17.230 GC heap after
Heap after GC invocations=7 (full 0):
 PSYoungGen      total 77312K, used 9696K [0x000000013f700000, 0x0000000148f00000, 0x0000000154c00000)
  eden space 65536K, 0% used [0x000000013f700000,0x000000013f700000,0x0000000143700000)
  from space 11776K, 82% used [0x0000000143700000,0x0000000144078230,0x0000000144280000)
  to   space 12288K, 0% used [0x0000000148300000,0x0000000148300000,0x0000000148f00000)
 ParOldGen       total 44032K, used 23045K [0x0000000114c00000, 0x0000000117700000, 0x000000013f700000)
  object space 44032K, 52% used [0x0000000114c00000,0x0000000116281460,0x0000000117700000)
 Metaspace       used 19497K, capacity 19653K, committed 19968K, reserved 1067008K
  class space    used 1906K, capacity 1981K, committed 2048K, reserved 1048576K
}

