# JRE version: Java(TM) SE Runtime Environment (8.0_71-b15) (build 1.8.0_71-b15)
# Java VM: Java HotSpot(TM) 64-Bit Server VM (25.71-b15 mixed mode bsd-amd64 compressed oops)
Heap:
 PSYoungGen      total 75264K, used 19996K [0x00000007aab00000, 0x00000007afe00000, 0x00000007c0000000)
  eden space 65536K, 23% used [0x00000007aab00000,0x00000007ab9e7018,0x00000007aeb00000)
  from space 9728K, 48% used [0x00000007af480000,0x00000007af920120,0x00000007afe00000)
  to   space 9728K, 0% used [0x00000007aeb00000,0x00000007aeb00000,0x00000007af480000)
 ParOldGen       total 44032K, used 20716K [0x0000000780000000, 0x0000000782b00000, 0x00000007aab00000)
  object space 44032K, 47% used [0x0000000780000000,0x000000078143b1d8,0x0000000782b00000)
 Metaspace       used 19463K, capacity 19657K, committed 19968K, reserved 1067008K
  class space    used 1912K, capacity 1981K, committed 2048K, reserved 1048576K
GC Heap History (10 events):
Event: 4.304 GC heap before
{Heap before GC invocations=4 (full 0):
 PSYoungGen      total 18944K, used 18803K [0x00000007aab00000, 0x00000007ac000000, 0x00000007c0000000)
  eden space 16384K, 99% used [0x00000007aab00000,0x00000007abae06e8,0x00000007abb00000)
  from space 2560K, 99% used [0x00000007abb00000,0x00000007abd7c768,0x00000007abd80000)
  to   space 2560K, 0% used [0x00000007abd80000,0x00000007abd80000,0x00000007ac000000)
 ParOldGen       total 44032K, used 9764K [0x0000000780000000, 0x0000000782b00000, 0x00000007aab00000)
  object space 44032K, 22% used [0x0000000780000000,0x0000000780989358,0x0000000782b00000)
 Metaspace       used 18526K, capacity 18751K, committed 18944K, reserved 1067008K
  class space    used 1886K, capacity 1980K, committed 2048K, reserved 1048576K
Event: 4.313 GC heap after
Heap after GC invocations=4 (full 0):
 PSYoungGen      total 18944K, used 2544K [0x00000007aab00000, 0x00000007ad000000, 0x00000007c0000000)
  eden space 16384K, 0% used [0x00000007aab00000,0x00000007aab00000,0x00000007abb00000)
  from space 2560K, 99% used [0x00000007abd80000,0x00000007abffc050,0x00000007ac000000)
  to   space 2560K, 0% used [0x00000007abb00000,0x00000007abb00000,0x00000007abd80000)
 ParOldGen       total 44032K, used 15808K [0x0000000780000000, 0x0000000782b00000, 0x00000007aab00000)
  object space 44032K, 35% used [0x0000000780000000,0x0000000780f701b0,0x0000000782b00000)
 Metaspace       used 18526K, capacity 18751K, committed 18944K, reserved 1067008K
  class space    used 1886K, capacity 1980K, committed 2048K, reserved 1048576K
}
Event: 4.569 GC heap before
{Heap before GC invocations=5 (full 0):
 PSYoungGen      total 18944K, used 18928K [0x00000007aab00000, 0x00000007ad000000, 0x00000007c0000000)
  eden space 16384K, 100% used [0x00000007aab00000,0x00000007abb00000,0x00000007abb00000)
  from space 2560K, 99% used [0x00000007abd80000,0x00000007abffc050,0x00000007ac000000)
  to   space 2560K, 0% used [0x00000007abb00000,0x00000007abb00000,0x00000007abd80000)
 ParOldGen       total 44032K, used 15808K [0x0000000780000000, 0x0000000782b00000, 0x00000007aab00000)
  object space 44032K, 35% used [0x0000000780000000,0x0000000780f701b0,0x0000000782b00000)
 Metaspace       used 18627K, capacity 18883K, committed 19200K, reserved 1067008K
  class space    used 1886K, capacity 1980K, committed 2048K, reserved 1048576K
Event: 4.577 GC heap after
Heap after GC invocations=5 (full 0):
 PSYoungGen      total 18944K, used 2528K [0x00000007aab00000, 0x00000007ae000000, 0x00000007c0000000)
  eden space 16384K, 0% used [0x00000007aab00000,0x00000007aab00000,0x00000007abb00000)
  from space 2560K, 98% used [0x00000007abb00000,0x00000007abd78020,0x00000007abd80000)
  to   space 10752K, 0% used [0x00000007ad580000,0x00000007ad580000,0x00000007ae000000)
 ParOldGen       total 44032K, used 18744K [0x0000000780000000, 0x0000000782b00000, 0x00000007aab00000)
  object space 44032K, 42% used [0x0000000780000000,0x000000078124e2e0,0x0000000782b00000)
 Metaspace       used 18627K, capacity 18883K, committed 19200K, reserved 1067008K
  class space    used 1886K, capacity 1980K, committed 2048K, reserved 1048576K
}
Event: 4.857 GC heap before
{Heap before GC invocations=6 (full 0):
 PSYoungGen      total 18944K, used 18740K [0x00000007aab00000, 0x00000007ae000000, 0x00000007c0000000)
  eden space 16384K, 98% used [0x00000007aab00000,0x00000007abad5228,0x00000007abb00000)
  from space 2560K, 98% used [0x00000007abb00000,0x00000007abd78020,0x00000007abd80000)
  to   space 10752K, 0% used [0x00000007ad580000,0x00000007ad580000,0x00000007ae000000)
 ParOldGen       total 44032K, used 18744K [0x0000000780000000, 0x0000000782b00000, 0x00000007aab00000)
  object space 44032K, 42% used [0x0000000780000000,0x000000078124e2e0,0x0000000782b00000)
 Metaspace       used 18688K, capacity 18883K, committed 19200K, reserved 1067008K
  class space    used 1886K, capacity 1980K, committed 2048K, reserved 1048576K
Event: 4.865 GC heap after
Heap after GC invocations=6 (full 0):
 PSYoungGen      total 42496K, used 5506K [0x00000007aab00000, 0x00000007adf00000, 0x00000007c0000000)
  eden space 32768K, 0% used [0x00000007aab00000,0x00000007aab00000,0x00000007acb00000)
  from space 9728K, 56% used [0x00000007ad580000,0x00000007adae0828,0x00000007adf00000)
  to   space 10240K, 0% used [0x00000007acb00000,0x00000007acb00000,0x00000007ad500000)
 ParOldGen       total 44032K, used 18752K [0x0000000780000000, 0x0000000782b00000, 0x00000007aab00000)
  object space 44032K, 42% used [0x0000000780000000,0x00000007812502e0,0x0000000782b00000)
 Metaspace       used 18688K, capacity 18883K, committed 19200K, reserved 1067008K
  class space    used 1886K, capacity 1980K, committed 2048K, reserved 1048576K
}
Event: 8.385 GC heap before
{Heap before GC invocations=7 (full 0):
 PSYoungGen      total 42496K, used 38274K [0x00000007aab00000, 0x00000007adf00000, 0x00000007c0000000)
  eden space 32768K, 100% used [0x00000007aab00000,0x00000007acb00000,0x00000007acb00000)
  from space 9728K, 56% used [0x00000007ad580000,0x00000007adae0828,0x00000007adf00000)
  to   space 10240K, 0% used [0x00000007acb00000,0x00000007acb00000,0x00000007ad500000)
 ParOldGen       total 44032K, used 18752K [0x0000000780000000, 0x0000000782b00000, 0x00000007aab00000)
  object space 44032K, 42% used [0x0000000780000000,0x00000007812502e0,0x0000000782b00000)
 Metaspace       used 19007K, capacity 19267K, committed 19456K, reserved 1067008K
  class space    used 1886K, capacity 1980K, committed 2048K, reserved 1048576K
Event: 8.396 GC heap after
Heap after GC invocations=7 (full 0):
 PSYoungGen      total 43008K, used 5394K [0x00000007aab00000, 0x00000007afe00000, 0x00000007c0000000)
  eden space 32768K, 0% used [0x00000007aab00000,0x00000007aab00000,0x00000007acb00000)
  from space 10240K, 52% used [0x00000007acb00000,0x00000007ad044868,0x00000007ad500000)
  to   space 9728K, 0% used [0x00000007af480000,0x00000007af480000,0x00000007afe00000)
 ParOldGen       total 44032K, used 20071K [0x0000000780000000, 0x0000000782b00000, 0x00000007aab00000)
  object space 44032K, 45% used [0x0000000780000000,0x0000000781399f00,0x0000000782b00000)
 Metaspace       used 19007K, capacity 19267K, committed 19456K, reserved 1067008K
  class space    used 1886K, capacity 1980K, committed 2048K, reserved 1048576K
}
Event: 14.185 GC heap before
{Heap before GC invocations=8 (full 0):
 PSYoungGen      total 43008K, used 38162K [0x00000007aab00000, 0x00000007afe00000, 0x00000007c0000000)
  eden space 32768K, 100% used [0x00000007aab00000,0x00000007acb00000,0x00000007acb00000)
  from space 10240K, 52% used [0x00000007acb00000,0x00000007ad044868,0x00000007ad500000)
  to   space 9728K, 0% used [0x00000007af480000,0x00000007af480000,0x00000007afe00000)
 ParOldGen       total 44032K, used 20071K [0x0000000780000000, 0x0000000782b00000, 0x00000007aab00000)
  object space 44032K, 45% used [0x0000000780000000,0x0000000781399f00,0x0000000782b00000)
 Metaspace       used 19264K, capacity 19459K, committed 19712K, reserved 1067008K
  class space    used 1886K, capacity 1980K, committed 2048K, reserved 1048576K
Event: 14.208 GC heap after
Heap after GC invocations=8 (full 0):
 PSYoungGen      total 75264K, used 4736K [0x00000007aab00000, 0x00000007afe00000, 0x00000007c0000000)
  eden space 65536K, 0% used [0x00000007aab00000,0x00000007aab00000,0x00000007aeb00000)
  from space 9728K, 48% used [0x00000007af480000,0x00000007af920120,0x00000007afe00000)
  to   space 9728K, 0% used [0x00000007aeb00000,0x00000007aeb00000,0x00000007af480000)
 ParOldGen       total 44032K, used 20716K [0x0000000780000000, 0x0000000782b00000, 0x00000007aab00000)
  object space 44032K, 47% used [0x0000000780000000,0x000000078143b1d8,0x0000000782b00000)
 Metaspace       used 19264K, capacity 19459K, committed 19712K, reserved 1067008K
  class space    used 1886K, capacity 1980K, committed 2048K, reserved 1048576K
}

